2024/03/02 07:40:08 [notice] 1#1: using the "epoll" event method
2024/03/02 07:40:08 [notice] 1#1: nginx/1.25.4
2024/03/02 07:40:08 [notice] 1#1: built by gcc 12.2.1 20220924 (Alpine 12.2.1_git20220924-r10) 
2024/03/02 07:40:08 [notice] 1#1: OS: Linux 5.4.0-171-generic
2024/03/02 07:40:08 [notice] 1#1: getrlimit(RLIMIT_NOFILE): 1048576:1048576
2024/03/02 07:40:08 [notice] 1#1: start worker processes
2024/03/02 07:40:08 [notice] 1#1: start worker process 20
2024/03/02 07:40:08 [notice] 1#1: start worker process 21
2024/03/02 07:40:08 [notice] 1#1: start worker process 22
2024/03/02 07:40:08 [notice] 1#1: start worker process 23
2024/03/02 08:07:09 [notice] 1#1: signal 3 (SIGQUIT) received, shutting down
2024/03/02 08:07:09 [notice] 20#20: gracefully shutting down
2024/03/02 08:07:09 [notice] 21#21: gracefully shutting down
2024/03/02 08:07:09 [notice] 20#20: exiting
2024/03/02 08:07:09 [notice] 21#21: exiting
2024/03/02 08:07:09 [notice] 20#20: exit
2024/03/02 08:07:09 [notice] 21#21: exit
2024/03/02 08:07:09 [notice] 23#23: gracefully shutting down
2024/03/02 08:07:09 [notice] 23#23: exiting
2024/03/02 08:07:09 [notice] 22#22: gracefully shutting down
2024/03/02 08:07:09 [notice] 22#22: exiting
2024/03/02 08:07:09 [notice] 23#23: exit
2024/03/02 08:07:09 [notice] 22#22: exit
2024/03/02 08:07:09 [notice] 1#1: signal 17 (SIGCHLD) received from 20
2024/03/02 08:07:09 [notice] 1#1: worker process 20 exited with code 0
2024/03/02 08:07:09 [notice] 1#1: worker process 23 exited with code 0
2024/03/02 08:07:09 [notice] 1#1: signal 29 (SIGIO) received
2024/03/02 08:07:09 [notice] 1#1: signal 17 (SIGCHLD) received from 22
2024/03/02 08:07:09 [notice] 1#1: worker process 22 exited with code 0
2024/03/02 08:07:09 [notice] 1#1: signal 29 (SIGIO) received
2024/03/02 08:07:09 [notice] 1#1: signal 17 (SIGCHLD) received from 21
2024/03/02 08:07:09 [notice] 1#1: worker process 21 exited with code 0
2024/03/02 08:07:09 [notice] 1#1: exit
2024/03/02 08:09:08 [notice] 1#1: using the "epoll" event method
2024/03/02 08:09:08 [notice] 1#1: nginx/1.25.4
2024/03/02 08:09:08 [notice] 1#1: built by gcc 12.2.1 20220924 (Alpine 12.2.1_git20220924-r10) 
2024/03/02 08:09:08 [notice] 1#1: OS: Linux 5.4.0-171-generic
2024/03/02 08:09:08 [notice] 1#1: getrlimit(RLIMIT_NOFILE): 1048576:1048576
2024/03/02 08:09:08 [notice] 1#1: start worker processes
2024/03/02 08:09:08 [notice] 1#1: start worker process 21
2024/03/02 08:09:08 [notice] 1#1: start worker process 22
2024/03/02 08:09:08 [notice] 1#1: start worker process 23
2024/03/02 08:09:08 [notice] 1#1: start worker process 24
2024/03/02 08:10:15 [notice] 1#1: signal 3 (SIGQUIT) received, shutting down
2024/03/02 08:10:15 [notice] 21#21: gracefully shutting down
2024/03/02 08:10:15 [notice] 21#21: exiting
2024/03/02 08:10:15 [notice] 23#23: gracefully shutting down
2024/03/02 08:10:15 [notice] 23#23: exiting
2024/03/02 08:10:15 [notice] 22#22: gracefully shutting down
2024/03/02 08:10:15 [notice] 22#22: exiting
2024/03/02 08:10:15 [notice] 21#21: exit
2024/03/02 08:10:15 [notice] 24#24: gracefully shutting down
2024/03/02 08:10:15 [notice] 24#24: exiting
2024/03/02 08:10:15 [notice] 22#22: exit
2024/03/02 08:10:15 [notice] 23#23: exit
2024/03/02 08:10:15 [notice] 24#24: exit
2024/03/02 08:10:15 [notice] 1#1: signal 17 (SIGCHLD) received from 23
2024/03/02 08:10:15 [notice] 1#1: worker process 21 exited with code 0
2024/03/02 08:10:15 [notice] 1#1: worker process 22 exited with code 0
2024/03/02 08:10:15 [notice] 1#1: worker process 23 exited with code 0
2024/03/02 08:10:15 [notice] 1#1: signal 29 (SIGIO) received
2024/03/02 08:10:15 [notice] 1#1: signal 17 (SIGCHLD) received from 22
2024/03/02 08:10:15 [notice] 1#1: worker process 24 exited with code 0
2024/03/02 08:10:15 [notice] 1#1: exit
2024/03/02 08:10:26 [notice] 1#1: using the "epoll" event method
2024/03/02 08:10:26 [notice] 1#1: nginx/1.25.4
2024/03/02 08:10:26 [notice] 1#1: built by gcc 12.2.1 20220924 (Alpine 12.2.1_git20220924-r10) 
2024/03/02 08:10:26 [notice] 1#1: OS: Linux 5.4.0-171-generic
2024/03/02 08:10:26 [notice] 1#1: getrlimit(RLIMIT_NOFILE): 1048576:1048576
2024/03/02 08:10:26 [notice] 1#1: start worker processes
2024/03/02 08:10:26 [notice] 1#1: start worker process 20
2024/03/02 08:10:26 [notice] 1#1: start worker process 21
2024/03/02 08:10:26 [notice] 1#1: start worker process 22
2024/03/02 08:10:26 [notice] 1#1: start worker process 23
2024/03/02 08:10:38 [notice] 1#1: signal 3 (SIGQUIT) received, shutting down
2024/03/02 08:10:38 [notice] 21#21: gracefully shutting down
2024/03/02 08:10:38 [notice] 21#21: exiting
2024/03/02 08:10:38 [notice] 23#23: gracefully shutting down
2024/03/02 08:10:38 [notice] 23#23: exiting
2024/03/02 08:10:38 [notice] 20#20: gracefully shutting down
2024/03/02 08:10:38 [notice] 21#21: exit
2024/03/02 08:10:38 [notice] 23#23: exit
2024/03/02 08:10:38 [notice] 22#22: gracefully shutting down
2024/03/02 08:10:38 [notice] 22#22: exiting
2024/03/02 08:10:38 [notice] 22#22: exit
2024/03/02 08:10:38 [notice] 1#1: signal 17 (SIGCHLD) received from 22
2024/03/02 08:10:38 [notice] 1#1: worker process 21 exited with code 0
2024/03/02 08:10:38 [notice] 1#1: worker process 22 exited with code 0
2024/03/02 08:10:38 [notice] 1#1: worker process 23 exited with code 0
2024/03/02 08:10:38 [notice] 1#1: signal 29 (SIGIO) received
2024/03/02 08:10:38 [notice] 1#1: signal 17 (SIGCHLD) received from 21
2024/03/02 08:24:21 [notice] 1#1: using the "epoll" event method
2024/03/02 08:24:21 [notice] 1#1: nginx/1.25.4
2024/03/02 08:24:21 [notice] 1#1: built by gcc 12.2.1 20220924 (Alpine 12.2.1_git20220924-r10) 
2024/03/02 08:24:21 [notice] 1#1: OS: Linux 5.4.0-171-generic
2024/03/02 08:24:21 [notice] 1#1: getrlimit(RLIMIT_NOFILE): 1048576:1048576
2024/03/02 08:24:21 [notice] 1#1: start worker processes
2024/03/02 08:24:21 [notice] 1#1: start worker process 21
2024/03/02 08:24:21 [notice] 1#1: start worker process 22
2024/03/02 08:24:21 [notice] 1#1: start worker process 23
2024/03/02 08:24:21 [notice] 1#1: start worker process 24
2024/03/02 08:59:46 [notice] 1#1: signal 3 (SIGQUIT) received, shutting down
2024/03/02 08:59:46 [notice] 21#21: gracefully shutting down
2024/03/02 08:59:46 [notice] 24#24: gracefully shutting down
2024/03/02 08:59:46 [notice] 23#23: gracefully shutting down
2024/03/02 08:59:46 [notice] 21#21: exiting
2024/03/02 08:59:46 [notice] 24#24: exiting
2024/03/02 08:59:46 [notice] 23#23: exiting
2024/03/02 08:59:46 [notice] 24#24: exit
2024/03/02 08:59:46 [notice] 21#21: exit
2024/03/02 08:59:46 [notice] 23#23: exit
2024/03/02 08:59:46 [notice] 22#22: gracefully shutting down
2024/03/02 08:59:46 [notice] 22#22: exiting
2024/03/02 08:59:46 [notice] 22#22: exit
2024/03/02 08:59:46 [notice] 1#1: signal 17 (SIGCHLD) received from 23
2024/03/02 08:59:46 [notice] 1#1: worker process 21 exited with code 0
2024/03/02 08:59:46 [notice] 1#1: worker process 23 exited with code 0
2024/03/02 08:59:46 [notice] 1#1: signal 29 (SIGIO) received
2024/03/02 08:59:46 [notice] 1#1: signal 17 (SIGCHLD) received from 21
2024/03/02 08:59:46 [notice] 1#1: signal 17 (SIGCHLD) received from 24
2024/03/02 08:59:46 [notice] 1#1: worker process 24 exited with code 0
2024/03/02 08:59:46 [notice] 1#1: signal 29 (SIGIO) received
2024/03/02 08:59:46 [notice] 1#1: signal 17 (SIGCHLD) received from 22
2024/03/02 08:59:46 [notice] 1#1: worker process 22 exited with code 0
2024/03/02 08:59:46 [notice] 1#1: exit
2024/03/02 09:00:56 [notice] 1#1: using the "epoll" event method
2024/03/02 09:00:56 [notice] 1#1: nginx/1.25.4
2024/03/02 09:00:56 [notice] 1#1: built by gcc 12.2.1 20220924 (Alpine 12.2.1_git20220924-r10) 
2024/03/02 09:00:56 [notice] 1#1: OS: Linux 5.4.0-171-generic
2024/03/02 09:00:56 [notice] 1#1: getrlimit(RLIMIT_NOFILE): 1048576:1048576
2024/03/02 09:00:56 [notice] 1#1: start worker processes
2024/03/02 09:00:56 [notice] 1#1: start worker process 20
2024/03/02 09:00:56 [notice] 1#1: start worker process 21
2024/03/02 09:00:56 [notice] 1#1: start worker process 22
2024/03/02 09:00:56 [notice] 1#1: start worker process 23
2024/03/02 09:01:01 [notice] 1#1: signal 3 (SIGQUIT) received, shutting down
2024/03/02 09:01:01 [notice] 20#20: gracefully shutting down
2024/03/02 09:01:01 [notice] 20#20: exiting
2024/03/02 09:01:01 [notice] 22#22: gracefully shutting down
2024/03/02 09:01:01 [notice] 21#21: gracefully shutting down
2024/03/02 09:01:01 [notice] 21#21: exiting
2024/03/02 09:01:01 [notice] 23#23: gracefully shutting down
2024/03/02 09:01:01 [notice] 23#23: exiting
2024/03/02 09:01:01 [notice] 22#22: exiting
2024/03/02 09:01:01 [notice] 20#20: exit
2024/03/02 09:01:01 [notice] 22#22: exit
2024/03/02 09:01:01 [notice] 21#21: exit
2024/03/02 09:01:01 [notice] 23#23: exit
2024/03/02 09:01:01 [notice] 1#1: signal 17 (SIGCHLD) received from 21
2024/03/02 09:01:01 [notice] 1#1: worker process 21 exited with code 0
2024/03/02 09:01:01 [notice] 1#1: signal 29 (SIGIO) received
2024/03/02 09:01:01 [notice] 1#1: signal 17 (SIGCHLD) received from 20
2024/03/02 09:01:01 [notice] 1#1: worker process 20 exited with code 0
2024/03/02 09:01:01 [notice] 1#1: signal 29 (SIGIO) received
2024/03/02 09:01:01 [notice] 1#1: signal 17 (SIGCHLD) received from 22
2024/03/02 09:01:01 [notice] 1#1: worker process 22 exited with code 0
2024/03/02 09:01:01 [notice] 1#1: signal 29 (SIGIO) received
2024/03/02 09:01:01 [notice] 1#1: signal 17 (SIGCHLD) received from 23
2024/03/02 09:01:01 [notice] 1#1: worker process 23 exited with code 0
2024/03/02 09:01:01 [notice] 1#1: exit
2024/03/02 09:03:17 [notice] 1#1: using the "epoll" event method
2024/03/02 09:03:17 [notice] 1#1: nginx/1.25.4
2024/03/02 09:03:17 [notice] 1#1: built by gcc 12.2.1 20220924 (Alpine 12.2.1_git20220924-r10) 
2024/03/02 09:03:17 [notice] 1#1: OS: Linux 5.4.0-171-generic
2024/03/02 09:03:17 [notice] 1#1: getrlimit(RLIMIT_NOFILE): 1048576:1048576
2024/03/02 09:03:17 [notice] 1#1: start worker processes
2024/03/02 09:03:17 [notice] 1#1: start worker process 20
2024/03/02 09:03:17 [notice] 1#1: start worker process 21
2024/03/02 09:03:17 [notice] 1#1: start worker process 22
2024/03/02 09:03:17 [notice] 1#1: start worker process 23
2024/03/02 09:27:47 [notice] 1#1: signal 3 (SIGQUIT) received, shutting down
2024/03/02 09:27:47 [notice] 21#21: gracefully shutting down
2024/03/02 09:27:47 [notice] 21#21: exiting
2024/03/02 09:27:47 [notice] 20#20: gracefully shutting down
2024/03/02 09:27:47 [notice] 21#21: exit
2024/03/02 09:27:47 [notice] 22#22: gracefully shutting down
2024/03/02 09:27:47 [notice] 23#23: gracefully shutting down
2024/03/02 09:27:47 [notice] 23#23: exiting
2024/03/02 09:27:47 [notice] 22#22: exiting
2024/03/02 09:27:47 [notice] 22#22: exit
2024/03/02 09:27:47 [notice] 23#23: exit
2024/03/02 09:27:47 [notice] 1#1: signal 17 (SIGCHLD) received from 21
2024/03/02 09:27:47 [notice] 1#1: worker process 21 exited with code 0
2024/03/02 09:27:47 [notice] 1#1: signal 29 (SIGIO) received
2024/03/02 09:27:47 [notice] 1#1: signal 17 (SIGCHLD) received from 23
2024/03/02 09:27:47 [notice] 1#1: worker process 23 exited with code 0
2024/03/02 09:27:47 [notice] 1#1: signal 29 (SIGIO) received
2024/03/02 09:27:47 [notice] 1#1: signal 17 (SIGCHLD) received from 22
2024/03/02 09:27:47 [notice] 1#1: worker process 22 exited with code 0
2024/03/02 09:27:47 [notice] 1#1: signal 29 (SIGIO) received
2024/03/02 09:28:20 [notice] 1#1: using the "epoll" event method
2024/03/02 09:28:20 [notice] 1#1: nginx/1.25.4
2024/03/02 09:28:20 [notice] 1#1: built by gcc 12.2.1 20220924 (Alpine 12.2.1_git20220924-r10) 
2024/03/02 09:28:20 [notice] 1#1: OS: Linux 5.4.0-171-generic
2024/03/02 09:28:20 [notice] 1#1: getrlimit(RLIMIT_NOFILE): 1048576:1048576
2024/03/02 09:28:20 [notice] 1#1: start worker processes
2024/03/02 09:28:20 [notice] 1#1: start worker process 20
2024/03/02 09:28:20 [notice] 1#1: start worker process 21
2024/03/02 09:28:20 [notice] 1#1: start worker process 22
2024/03/02 09:28:20 [notice] 1#1: start worker process 23
2024/03/02 10:00:32 [notice] 1#1: signal 3 (SIGQUIT) received, shutting down
2024/03/02 10:00:32 [notice] 20#20: gracefully shutting down
2024/03/02 10:00:32 [notice] 20#20: exiting
2024/03/02 10:00:32 [notice] 21#21: gracefully shutting down
2024/03/02 10:00:32 [notice] 21#21: exiting
2024/03/02 10:00:32 [notice] 23#23: gracefully shutting down
2024/03/02 10:00:32 [notice] 23#23: exiting
2024/03/02 10:00:32 [notice] 20#20: exit
2024/03/02 10:00:32 [notice] 21#21: exit
2024/03/02 10:00:32 [notice] 23#23: exit
2024/03/02 10:00:32 [notice] 22#22: gracefully shutting down
2024/03/02 10:00:32 [notice] 22#22: exiting
2024/03/02 10:00:32 [notice] 22#22: exit
2024/03/02 10:00:32 [notice] 1#1: signal 17 (SIGCHLD) received from 21
2024/03/02 10:00:32 [notice] 1#1: worker process 21 exited with code 0
2024/03/02 10:00:32 [notice] 1#1: signal 29 (SIGIO) received
2024/03/02 10:00:32 [notice] 1#1: signal 17 (SIGCHLD) received from 20
2024/03/02 10:00:32 [notice] 1#1: worker process 20 exited with code 0
2024/03/02 10:00:32 [notice] 1#1: signal 29 (SIGIO) received
2024/03/02 10:00:32 [notice] 1#1: signal 17 (SIGCHLD) received from 23
2024/03/02 10:00:32 [notice] 1#1: worker process 23 exited with code 0
2024/03/02 10:00:32 [notice] 1#1: signal 29 (SIGIO) received
2024/03/02 10:00:32 [notice] 1#1: signal 17 (SIGCHLD) received from 22
2024/03/02 10:00:32 [notice] 1#1: worker process 22 exited with code 0
2024/03/02 10:00:32 [notice] 1#1: exit
2024/03/02 10:00:52 [notice] 1#1: using the "epoll" event method
2024/03/02 10:00:52 [notice] 1#1: nginx/1.25.4
2024/03/02 10:00:52 [notice] 1#1: built by gcc 12.2.1 20220924 (Alpine 12.2.1_git20220924-r10) 
2024/03/02 10:00:52 [notice] 1#1: OS: Linux 5.4.0-171-generic
2024/03/02 10:00:52 [notice] 1#1: getrlimit(RLIMIT_NOFILE): 1048576:1048576
2024/03/02 10:00:52 [notice] 1#1: start worker processes
2024/03/02 10:00:52 [notice] 1#1: start worker process 20
2024/03/02 10:00:52 [notice] 1#1: start worker process 21
2024/03/02 10:00:52 [notice] 1#1: start worker process 22
2024/03/02 10:00:52 [notice] 1#1: start worker process 23
2024/03/02 10:02:34 [notice] 1#1: signal 3 (SIGQUIT) received, shutting down
2024/03/02 10:02:34 [notice] 21#21: gracefully shutting down
2024/03/02 10:02:34 [notice] 21#21: exiting
2024/03/02 10:02:34 [notice] 21#21: exit
2024/03/02 10:02:34 [notice] 22#22: gracefully shutting down
2024/03/02 10:02:34 [notice] 22#22: exiting
2024/03/02 10:02:34 [notice] 22#22: exit
2024/03/02 10:02:34 [notice] 20#20: gracefully shutting down
2024/03/02 10:02:34 [notice] 20#20: exiting
2024/03/02 10:02:34 [notice] 20#20: exit
2024/03/02 10:02:34 [notice] 23#23: gracefully shutting down
2024/03/02 10:02:34 [notice] 23#23: exiting
2024/03/02 10:02:34 [notice] 23#23: exit
2024/03/02 10:02:34 [notice] 1#1: signal 17 (SIGCHLD) received from 21
2024/03/02 10:02:34 [notice] 1#1: worker process 21 exited with code 0
2024/03/02 10:02:34 [notice] 1#1: worker process 22 exited with code 0
2024/03/02 10:02:34 [notice] 1#1: signal 29 (SIGIO) received
2024/03/02 10:02:34 [notice] 1#1: signal 17 (SIGCHLD) received from 20
2024/03/02 10:02:34 [notice] 1#1: worker process 20 exited with code 0
2024/03/02 10:02:34 [notice] 1#1: signal 29 (SIGIO) received
2024/03/02 10:02:34 [notice] 1#1: signal 17 (SIGCHLD) received from 23
2024/03/02 10:02:34 [notice] 1#1: worker process 23 exited with code 0
2024/03/02 10:02:34 [notice] 1#1: exit
2024/03/02 10:02:53 [notice] 1#1: using the "epoll" event method
2024/03/02 10:02:53 [notice] 1#1: nginx/1.25.4
2024/03/02 10:02:53 [notice] 1#1: built by gcc 12.2.1 20220924 (Alpine 12.2.1_git20220924-r10) 
2024/03/02 10:02:53 [notice] 1#1: OS: Linux 5.4.0-171-generic
2024/03/02 10:02:53 [notice] 1#1: getrlimit(RLIMIT_NOFILE): 1048576:1048576
2024/03/02 10:02:53 [notice] 1#1: start worker processes
2024/03/02 10:02:53 [notice] 1#1: start worker process 21
2024/03/02 10:02:53 [notice] 1#1: start worker process 22
2024/03/02 10:02:53 [notice] 1#1: start worker process 23
2024/03/02 10:02:53 [notice] 1#1: start worker process 24
2024/03/02 12:23:09 [notice] 1#1: signal 3 (SIGQUIT) received, shutting down
2024/03/02 12:23:09 [notice] 21#21: gracefully shutting down
2024/03/02 12:23:09 [notice] 22#22: gracefully shutting down
2024/03/02 12:23:09 [notice] 21#21: exiting
2024/03/02 12:23:09 [notice] 22#22: exiting
2024/03/02 12:23:09 [notice] 23#23: gracefully shutting down
2024/03/02 12:23:09 [notice] 23#23: exiting
2024/03/02 12:23:09 [notice] 21#21: exit
2024/03/02 12:23:09 [notice] 22#22: exit
2024/03/02 12:23:09 [notice] 23#23: exit
2024/03/02 12:23:09 [notice] 24#24: gracefully shutting down
2024/03/02 12:23:09 [notice] 24#24: exiting
2024/03/02 12:23:09 [notice] 24#24: exit
2024/03/02 12:23:09 [notice] 1#1: signal 17 (SIGCHLD) received from 22
2024/03/02 12:23:09 [notice] 1#1: worker process 22 exited with code 0
2024/03/02 12:23:09 [notice] 1#1: signal 29 (SIGIO) received
2024/03/02 12:23:09 [notice] 1#1: signal 17 (SIGCHLD) received from 21
2024/03/02 12:23:09 [notice] 1#1: worker process 21 exited with code 0
2024/03/02 12:23:09 [notice] 1#1: signal 29 (SIGIO) received
2024/03/02 12:23:09 [notice] 1#1: signal 17 (SIGCHLD) received from 23
2024/03/02 12:23:09 [notice] 1#1: worker process 23 exited with code 0
2024/03/02 12:23:09 [notice] 1#1: signal 29 (SIGIO) received
2024/03/02 12:23:09 [notice] 1#1: signal 17 (SIGCHLD) received from 24
2024/03/02 12:23:09 [notice] 1#1: worker process 24 exited with code 0
2024/03/02 12:23:09 [notice] 1#1: exit
2024/03/02 12:23:48 [notice] 1#1: using the "epoll" event method
2024/03/02 12:23:48 [notice] 1#1: nginx/1.25.4
2024/03/02 12:23:48 [notice] 1#1: built by gcc 12.2.1 20220924 (Alpine 12.2.1_git20220924-r10) 
2024/03/02 12:23:48 [notice] 1#1: OS: Linux 5.4.0-171-generic
2024/03/02 12:23:48 [notice] 1#1: getrlimit(RLIMIT_NOFILE): 1048576:1048576
2024/03/02 12:23:48 [notice] 1#1: start worker processes
2024/03/02 12:23:48 [notice] 1#1: start worker process 21
2024/03/02 12:23:48 [notice] 1#1: start worker process 22
2024/03/02 12:23:48 [notice] 1#1: start worker process 23
2024/03/02 12:23:48 [notice] 1#1: start worker process 24
2024/03/02 12:26:38 [notice] 1#1: signal 3 (SIGQUIT) received, shutting down
2024/03/02 12:26:38 [notice] 24#24: gracefully shutting down
2024/03/02 12:26:38 [notice] 24#24: exiting
2024/03/02 12:26:38 [notice] 24#24: exit
2024/03/02 12:26:38 [notice] 22#22: gracefully shutting down
2024/03/02 12:26:38 [notice] 22#22: exiting
2024/03/02 12:26:38 [notice] 23#23: gracefully shutting down
2024/03/02 12:26:38 [notice] 23#23: exiting
2024/03/02 12:26:38 [notice] 21#21: gracefully shutting down
2024/03/02 12:26:38 [notice] 21#21: exiting
2024/03/02 12:26:38 [notice] 21#21: exit
2024/03/02 12:26:38 [notice] 23#23: exit
2024/03/02 12:26:38 [notice] 22#22: exit
2024/03/02 12:26:38 [notice] 1#1: signal 17 (SIGCHLD) received from 21
2024/03/02 12:26:38 [notice] 1#1: worker process 21 exited with code 0
2024/03/02 12:26:38 [notice] 1#1: signal 29 (SIGIO) received
2024/03/02 12:26:38 [notice] 1#1: signal 17 (SIGCHLD) received from 24
2024/03/02 12:26:38 [notice] 1#1: worker process 24 exited with code 0
2024/03/02 12:26:38 [notice] 1#1: signal 29 (SIGIO) received
2024/03/02 12:26:38 [notice] 1#1: signal 17 (SIGCHLD) received from 23
2024/03/02 12:26:38 [notice] 1#1: worker process 22 exited with code 0
2024/03/02 12:26:38 [notice] 1#1: worker process 23 exited with code 0
2024/03/02 12:26:38 [notice] 1#1: exit
2024/03/02 12:26:57 [notice] 1#1: using the "epoll" event method
2024/03/02 12:26:57 [notice] 1#1: nginx/1.25.4
2024/03/02 12:26:57 [notice] 1#1: built by gcc 12.2.1 20220924 (Alpine 12.2.1_git20220924-r10) 
2024/03/02 12:26:57 [notice] 1#1: OS: Linux 5.4.0-171-generic
2024/03/02 12:26:57 [notice] 1#1: getrlimit(RLIMIT_NOFILE): 1048576:1048576
2024/03/02 12:26:57 [notice] 1#1: start worker processes
2024/03/02 12:26:57 [notice] 1#1: start worker process 20
2024/03/02 12:26:57 [notice] 1#1: start worker process 21
2024/03/02 12:26:57 [notice] 1#1: start worker process 22
2024/03/02 12:26:57 [notice] 1#1: start worker process 23
2024/03/02 12:27:39 [notice] 1#1: signal 3 (SIGQUIT) received, shutting down
2024/03/02 12:27:39 [notice] 21#21: gracefully shutting down
2024/03/02 12:27:39 [notice] 21#21: exiting
2024/03/02 12:27:39 [notice] 22#22: gracefully shutting down
2024/03/02 12:27:39 [notice] 22#22: exiting
2024/03/02 12:27:39 [notice] 21#21: exit
2024/03/02 12:27:39 [notice] 22#22: exit
2024/03/02 12:27:39 [notice] 23#23: gracefully shutting down
2024/03/02 12:27:39 [notice] 23#23: exiting
2024/03/02 12:27:39 [notice] 23#23: exit
2024/03/02 12:27:39 [notice] 20#20: gracefully shutting down
2024/03/02 12:27:39 [notice] 20#20: exiting
2024/03/02 12:27:39 [notice] 20#20: exit
2024/03/02 12:27:40 [notice] 1#1: signal 17 (SIGCHLD) received from 22
2024/03/02 12:27:40 [notice] 1#1: worker process 22 exited with code 0
2024/03/02 12:27:40 [notice] 1#1: signal 29 (SIGIO) received
2024/03/02 12:27:40 [notice] 1#1: signal 17 (SIGCHLD) received from 21
2024/03/02 12:27:40 [notice] 1#1: worker process 21 exited with code 0
2024/03/02 12:27:40 [notice] 1#1: signal 29 (SIGIO) received
2024/03/02 12:27:40 [notice] 1#1: signal 17 (SIGCHLD) received from 23
2024/03/02 12:27:40 [notice] 1#1: worker process 23 exited with code 0
2024/03/02 12:27:40 [notice] 1#1: signal 29 (SIGIO) received
2024/03/02 12:27:40 [notice] 1#1: signal 17 (SIGCHLD) received from 20
2024/03/02 12:27:40 [notice] 1#1: worker process 20 exited with code 0
2024/03/02 12:27:40 [notice] 1#1: exit
2024/03/02 12:27:56 [notice] 1#1: using the "epoll" event method
2024/03/02 12:27:56 [notice] 1#1: nginx/1.25.4
2024/03/02 12:27:56 [notice] 1#1: built by gcc 12.2.1 20220924 (Alpine 12.2.1_git20220924-r10) 
2024/03/02 12:27:56 [notice] 1#1: OS: Linux 5.4.0-171-generic
2024/03/02 12:27:56 [notice] 1#1: getrlimit(RLIMIT_NOFILE): 1048576:1048576
2024/03/02 12:27:56 [notice] 1#1: start worker processes
2024/03/02 12:27:56 [notice] 1#1: start worker process 21
2024/03/02 12:27:56 [notice] 1#1: start worker process 22
2024/03/02 12:27:56 [notice] 1#1: start worker process 23
2024/03/02 12:27:56 [notice] 1#1: start worker process 24
2024/03/02 13:08:28 [notice] 1#1: signal 3 (SIGQUIT) received, shutting down
2024/03/02 13:08:28 [notice] 22#22: gracefully shutting down
2024/03/02 13:08:28 [notice] 23#23: gracefully shutting down
2024/03/02 13:08:28 [notice] 22#22: exiting
2024/03/02 13:08:28 [notice] 23#23: exiting
2024/03/02 13:08:28 [notice] 21#21: gracefully shutting down
2024/03/02 13:08:28 [notice] 24#24: gracefully shutting down
2024/03/02 13:08:28 [notice] 24#24: exiting
2024/03/02 13:08:28 [notice] 21#21: exiting
2024/03/02 13:08:28 [notice] 24#24: exit
2024/03/02 13:08:28 [notice] 23#23: exit
2024/03/02 13:08:28 [notice] 22#22: exit
2024/03/02 13:08:28 [notice] 21#21: exit
2024/03/02 13:08:29 [notice] 1#1: signal 17 (SIGCHLD) received from 22
2024/03/02 13:08:29 [notice] 1#1: worker process 22 exited with code 0
2024/03/02 13:08:29 [notice] 1#1: signal 29 (SIGIO) received
2024/03/02 13:08:29 [notice] 1#1: signal 17 (SIGCHLD) received from 24
2024/03/02 13:08:29 [notice] 1#1: worker process 24 exited with code 0
2024/03/02 13:08:29 [notice] 1#1: signal 29 (SIGIO) received
2024/03/02 13:08:29 [notice] 1#1: signal 17 (SIGCHLD) received from 23
2024/03/02 13:08:29 [notice] 1#1: worker process 23 exited with code 0
2024/03/02 13:08:29 [notice] 1#1: signal 29 (SIGIO) received
2024/03/02 13:08:29 [notice] 1#1: signal 17 (SIGCHLD) received from 21
2024/03/02 13:08:29 [notice] 1#1: worker process 21 exited with code 0
2024/03/02 13:08:29 [notice] 1#1: exit
2024/03/02 13:15:54 [notice] 1#1: using the "epoll" event method
2024/03/02 13:15:54 [notice] 1#1: nginx/1.25.4
2024/03/02 13:15:54 [notice] 1#1: built by gcc 12.2.1 20220924 (Alpine 12.2.1_git20220924-r10) 
2024/03/02 13:15:54 [notice] 1#1: OS: Linux 5.4.0-171-generic
2024/03/02 13:15:54 [notice] 1#1: getrlimit(RLIMIT_NOFILE): 1048576:1048576
2024/03/02 13:15:54 [notice] 1#1: start worker processes
2024/03/02 13:15:54 [notice] 1#1: start worker process 19
2024/03/02 13:15:54 [notice] 1#1: start worker process 20
2024/03/02 13:15:54 [notice] 1#1: start worker process 21
2024/03/02 13:15:54 [notice] 1#1: start worker process 22
2024/03/02 16:59:00 [notice] 1#1: signal 3 (SIGQUIT) received, shutting down
2024/03/02 16:59:00 [notice] 20#20: gracefully shutting down
2024/03/02 16:59:00 [notice] 22#22: gracefully shutting down
2024/03/02 16:59:00 [notice] 20#20: exiting
2024/03/02 16:59:00 [notice] 20#20: exit
2024/03/02 16:59:00 [notice] 19#19: gracefully shutting down
2024/03/02 16:59:00 [notice] 21#21: gracefully shutting down
2024/03/02 16:59:00 [notice] 22#22: exiting
2024/03/02 16:59:00 [notice] 19#19: exiting
2024/03/02 16:59:00 [notice] 22#22: exit
2024/03/02 16:59:00 [notice] 19#19: exit
2024/03/02 16:59:00 [notice] 1#1: signal 17 (SIGCHLD) received from 19
2024/03/02 16:59:00 [notice] 1#1: worker process 19 exited with code 0
2024/03/02 16:59:00 [notice] 1#1: signal 29 (SIGIO) received
2024/03/02 16:59:00 [notice] 1#1: signal 17 (SIGCHLD) received from 20
2024/03/02 16:59:00 [notice] 1#1: worker process 20 exited with code 0
2024/03/02 16:59:00 [notice] 1#1: signal 29 (SIGIO) received
2024/03/02 16:59:00 [notice] 1#1: signal 17 (SIGCHLD) received from 22
2024/03/02 16:59:00 [notice] 1#1: worker process 22 exited with code 0
2024/03/02 16:59:00 [notice] 1#1: signal 29 (SIGIO) received
2024/03/03 05:27:55 [notice] 1#1: using the "epoll" event method
2024/03/03 05:27:55 [notice] 1#1: nginx/1.25.4
2024/03/03 05:27:55 [notice] 1#1: built by gcc 12.2.1 20220924 (Alpine 12.2.1_git20220924-r10) 
2024/03/03 05:27:55 [notice] 1#1: OS: Linux 5.4.0-171-generic
2024/03/03 05:27:55 [notice] 1#1: getrlimit(RLIMIT_NOFILE): 1048576:1048576
2024/03/03 05:27:55 [notice] 1#1: start worker processes
2024/03/03 05:27:55 [notice] 1#1: start worker process 20
2024/03/03 05:27:55 [notice] 1#1: start worker process 21
2024/03/03 05:27:55 [notice] 1#1: start worker process 22
2024/03/03 05:27:55 [notice] 1#1: start worker process 23
2024/03/03 20:28:28 [notice] 1#1: signal 3 (SIGQUIT) received, shutting down
2024/03/03 20:28:28 [notice] 20#20: gracefully shutting down
2024/03/03 20:28:28 [notice] 23#23: gracefully shutting down
2024/03/03 20:28:28 [notice] 20#20: exiting
2024/03/03 20:28:28 [notice] 23#23: exiting
2024/03/03 20:28:28 [notice] 22#22: gracefully shutting down
2024/03/03 20:28:28 [notice] 22#22: exiting
2024/03/03 20:28:28 [notice] 21#21: gracefully shutting down
2024/03/03 20:28:28 [notice] 21#21: exiting
2024/03/03 20:28:28 [notice] 23#23: exit
2024/03/03 20:28:28 [notice] 22#22: exit
2024/03/03 20:28:28 [notice] 20#20: exit
2024/03/03 20:28:28 [notice] 21#21: exit
2024/03/03 20:28:29 [notice] 1#1: signal 17 (SIGCHLD) received from 21
2024/03/03 20:28:29 [notice] 1#1: worker process 21 exited with code 0
2024/03/03 20:28:29 [notice] 1#1: worker process 20 exited with code 0
2024/03/03 20:28:29 [notice] 1#1: signal 29 (SIGIO) received
2024/03/03 20:28:29 [notice] 1#1: signal 17 (SIGCHLD) received from 20
2024/03/03 20:28:29 [notice] 1#1: signal 17 (SIGCHLD) received from 22
2024/03/03 20:28:29 [notice] 1#1: worker process 22 exited with code 0
2024/03/03 20:28:29 [notice] 1#1: worker process 23 exited with code 0
2024/03/03 20:28:29 [notice] 1#1: exit
2024/03/03 20:30:25 [notice] 1#1: using the "epoll" event method
2024/03/03 20:30:25 [notice] 1#1: nginx/1.25.4
2024/03/03 20:30:25 [notice] 1#1: built by gcc 12.2.1 20220924 (Alpine 12.2.1_git20220924-r10) 
2024/03/03 20:30:25 [notice] 1#1: OS: Linux 5.4.0-171-generic
2024/03/03 20:30:25 [notice] 1#1: getrlimit(RLIMIT_NOFILE): 1048576:1048576
2024/03/03 20:30:25 [notice] 1#1: start worker processes
2024/03/03 20:30:25 [notice] 1#1: start worker process 20
2024/03/03 20:30:25 [notice] 1#1: start worker process 21
2024/03/03 20:30:25 [notice] 1#1: start worker process 22
2024/03/03 20:30:25 [notice] 1#1: start worker process 23
2024/03/03 21:08:38 [notice] 1#1: signal 3 (SIGQUIT) received, shutting down
2024/03/03 21:08:38 [notice] 21#21: gracefully shutting down
2024/03/03 21:08:38 [notice] 21#21: exiting
2024/03/03 21:08:38 [notice] 20#20: gracefully shutting down
2024/03/03 21:08:38 [notice] 20#20: exiting
2024/03/03 21:08:38 [notice] 21#21: exit
2024/03/03 21:08:38 [notice] 23#23: gracefully shutting down
2024/03/03 21:08:38 [notice] 23#23: exiting
2024/03/03 21:08:38 [notice] 22#22: gracefully shutting down
2024/03/03 21:08:38 [notice] 22#22: exiting
2024/03/03 21:08:38 [notice] 23#23: exit
2024/03/03 21:08:38 [notice] 22#22: exit
2024/03/03 21:08:38 [notice] 20#20: exit
2024/03/03 21:08:39 [notice] 1#1: signal 17 (SIGCHLD) received from 20
2024/03/03 21:08:39 [notice] 1#1: worker process 20 exited with code 0
2024/03/03 21:08:39 [notice] 1#1: worker process 22 exited with code 0
2024/03/03 21:08:39 [notice] 1#1: signal 29 (SIGIO) received
2024/03/03 21:08:39 [notice] 1#1: signal 17 (SIGCHLD) received from 22
2024/03/03 21:08:39 [notice] 1#1: worker process 23 exited with code 0
2024/03/03 21:08:39 [notice] 1#1: signal 29 (SIGIO) received
2024/03/03 21:08:39 [notice] 1#1: signal 17 (SIGCHLD) received from 23
2024/03/03 21:08:39 [notice] 1#1: signal 17 (SIGCHLD) received from 21
2024/03/03 21:08:39 [notice] 1#1: worker process 21 exited with code 0
2024/03/03 21:08:39 [notice] 1#1: exit
2024/03/03 21:08:57 [notice] 1#1: using the "epoll" event method
2024/03/03 21:08:57 [notice] 1#1: nginx/1.25.4
2024/03/03 21:08:57 [notice] 1#1: built by gcc 12.2.1 20220924 (Alpine 12.2.1_git20220924-r10) 
2024/03/03 21:08:57 [notice] 1#1: OS: Linux 5.4.0-171-generic
2024/03/03 21:08:57 [notice] 1#1: getrlimit(RLIMIT_NOFILE): 1048576:1048576
2024/03/03 21:08:57 [notice] 1#1: start worker processes
2024/03/03 21:08:57 [notice] 1#1: start worker process 20
2024/03/03 21:08:57 [notice] 1#1: start worker process 21
2024/03/03 21:08:57 [notice] 1#1: start worker process 22
2024/03/03 21:08:57 [notice] 1#1: start worker process 23
2024/03/03 23:49:26 [notice] 1#1: signal 3 (SIGQUIT) received, shutting down
2024/03/03 23:49:26 [notice] 21#21: gracefully shutting down
2024/03/03 23:49:26 [notice] 21#21: exiting
2024/03/03 23:49:26 [notice] 22#22: gracefully shutting down
2024/03/03 23:49:26 [notice] 22#22: exiting
2024/03/03 23:49:26 [notice] 23#23: gracefully shutting down
2024/03/03 23:49:26 [notice] 20#20: gracefully shutting down
2024/03/03 23:49:26 [notice] 21#21: exit
2024/03/03 23:49:26 [notice] 23#23: exiting
2024/03/03 23:49:26 [notice] 22#22: exit
2024/03/03 23:49:26 [notice] 23#23: exit
2024/03/03 23:49:27 [notice] 1#1: signal 17 (SIGCHLD) received from 21
2024/03/03 23:49:27 [notice] 1#1: worker process 21 exited with code 0
2024/03/03 23:49:27 [notice] 1#1: signal 29 (SIGIO) received
2024/03/03 23:49:27 [notice] 1#1: signal 17 (SIGCHLD) received from 23
2024/03/03 23:49:27 [notice] 1#1: worker process 22 exited with code 0
2024/03/03 23:49:27 [notice] 1#1: worker process 23 exited with code 0
2024/03/03 23:49:27 [notice] 1#1: signal 29 (SIGIO) received
2024/03/03 23:49:27 [notice] 1#1: signal 17 (SIGCHLD) received from 22
2024/03/03 23:52:21 [notice] 1#1: using the "epoll" event method
2024/03/03 23:52:21 [notice] 1#1: nginx/1.25.4
2024/03/03 23:52:21 [notice] 1#1: built by gcc 12.2.1 20220924 (Alpine 12.2.1_git20220924-r10) 
2024/03/03 23:52:21 [notice] 1#1: OS: Linux 5.4.0-171-generic
2024/03/03 23:52:21 [notice] 1#1: getrlimit(RLIMIT_NOFILE): 1048576:1048576
2024/03/03 23:52:21 [notice] 1#1: start worker processes
2024/03/03 23:52:21 [notice] 1#1: start worker process 20
2024/03/03 23:52:21 [notice] 1#1: start worker process 21
2024/03/03 23:52:21 [notice] 1#1: start worker process 22
2024/03/03 23:52:21 [notice] 1#1: start worker process 23
2024/03/04 00:23:14 [notice] 1#1: signal 3 (SIGQUIT) received, shutting down
2024/03/04 00:23:14 [notice] 22#22: gracefully shutting down
2024/03/04 00:23:14 [notice] 22#22: exiting
2024/03/04 00:23:14 [notice] 21#21: gracefully shutting down
2024/03/04 00:23:14 [notice] 23#23: gracefully shutting down
2024/03/04 00:23:14 [notice] 23#23: exiting
2024/03/04 00:23:14 [notice] 21#21: exiting
2024/03/04 00:23:14 [notice] 23#23: exit
2024/03/04 00:23:14 [notice] 20#20: gracefully shutting down
2024/03/04 00:23:14 [notice] 22#22: exit
2024/03/04 00:23:14 [notice] 21#21: exit
2024/03/04 00:23:14 [notice] 20#20: exiting
2024/03/04 00:23:14 [notice] 20#20: exit
2024/03/04 00:23:14 [notice] 1#1: signal 17 (SIGCHLD) received from 20
2024/03/04 00:23:14 [notice] 1#1: worker process 20 exited with code 0
2024/03/04 00:23:14 [notice] 1#1: signal 29 (SIGIO) received
2024/03/04 00:23:14 [notice] 1#1: signal 17 (SIGCHLD) received from 22
2024/03/04 00:23:14 [notice] 1#1: worker process 22 exited with code 0
2024/03/04 00:23:14 [notice] 1#1: signal 29 (SIGIO) received
2024/03/04 00:23:14 [notice] 1#1: signal 17 (SIGCHLD) received from 21
2024/03/04 00:23:14 [notice] 1#1: worker process 21 exited with code 0
2024/03/04 00:23:14 [notice] 1#1: signal 29 (SIGIO) received
2024/03/04 00:23:14 [notice] 1#1: signal 17 (SIGCHLD) received from 23
2024/03/04 00:23:14 [notice] 1#1: worker process 23 exited with code 0
2024/03/04 00:23:14 [notice] 1#1: exit
2024/03/04 01:16:07 [notice] 1#1: using the "epoll" event method
2024/03/04 01:16:07 [notice] 1#1: nginx/1.25.4
2024/03/04 01:16:07 [notice] 1#1: built by gcc 12.2.1 20220924 (Alpine 12.2.1_git20220924-r10) 
2024/03/04 01:16:07 [notice] 1#1: OS: Linux 5.4.0-171-generic
2024/03/04 01:16:07 [notice] 1#1: getrlimit(RLIMIT_NOFILE): 1048576:1048576
2024/03/04 01:16:07 [notice] 1#1: start worker processes
2024/03/04 01:16:07 [notice] 1#1: start worker process 20
2024/03/04 01:16:07 [notice] 1#1: start worker process 21
2024/03/04 01:16:07 [notice] 1#1: start worker process 22
2024/03/04 01:16:07 [notice] 1#1: start worker process 23
2024/03/04 02:00:19 [notice] 1#1: signal 3 (SIGQUIT) received, shutting down
2024/03/04 02:00:19 [notice] 20#20: gracefully shutting down
2024/03/04 02:00:19 [notice] 20#20: exiting
2024/03/04 02:00:19 [notice] 22#22: gracefully shutting down
2024/03/04 02:00:19 [notice] 23#23: gracefully shutting down
2024/03/04 02:00:19 [notice] 23#23: exiting
2024/03/04 02:00:19 [notice] 21#21: gracefully shutting down
2024/03/04 02:00:19 [notice] 21#21: exiting
2024/03/04 02:00:19 [notice] 23#23: exit
2024/03/04 02:00:19 [notice] 21#21: exit
2024/03/04 02:00:19 [notice] 20#20: exit
2024/03/04 02:00:19 [notice] 22#22: exiting
2024/03/04 02:00:19 [notice] 22#22: exit
2024/03/04 02:00:19 [notice] 1#1: signal 17 (SIGCHLD) received from 23
2024/03/04 02:00:19 [notice] 1#1: worker process 23 exited with code 0
2024/03/04 02:00:19 [notice] 1#1: signal 29 (SIGIO) received
2024/03/04 02:00:19 [notice] 1#1: signal 17 (SIGCHLD) received from 21
2024/03/04 02:00:19 [notice] 1#1: worker process 21 exited with code 0
2024/03/04 02:00:19 [notice] 1#1: signal 29 (SIGIO) received
2024/03/04 02:00:20 [notice] 1#1: signal 17 (SIGCHLD) received from 20
2024/03/04 02:00:20 [notice] 1#1: worker process 20 exited with code 0
2024/03/04 02:00:20 [notice] 1#1: signal 29 (SIGIO) received
2024/03/04 02:00:20 [notice] 1#1: signal 17 (SIGCHLD) received from 22
2024/03/04 02:00:20 [notice] 1#1: worker process 22 exited with code 0
2024/03/04 02:00:20 [notice] 1#1: exit
2024/03/04 06:12:11 [notice] 1#1: using the "epoll" event method
2024/03/04 06:12:11 [notice] 1#1: nginx/1.25.4
2024/03/04 06:12:11 [notice] 1#1: built by gcc 12.2.1 20220924 (Alpine 12.2.1_git20220924-r10) 
2024/03/04 06:12:11 [notice] 1#1: OS: Linux 5.4.0-171-generic
2024/03/04 06:12:11 [notice] 1#1: getrlimit(RLIMIT_NOFILE): 1048576:1048576
2024/03/04 06:12:11 [notice] 1#1: start worker processes
2024/03/04 06:12:11 [notice] 1#1: start worker process 20
2024/03/04 06:12:11 [notice] 1#1: start worker process 21
2024/03/04 06:12:11 [notice] 1#1: start worker process 22
2024/03/04 06:12:11 [notice] 1#1: start worker process 23
2024/03/04 09:22:02 [notice] 1#1: signal 3 (SIGQUIT) received, shutting down
2024/03/04 09:22:02 [notice] 23#23: gracefully shutting down
2024/03/04 09:22:02 [notice] 22#22: gracefully shutting down
2024/03/04 09:22:02 [notice] 23#23: exiting
2024/03/04 09:22:02 [notice] 22#22: exiting
2024/03/04 09:22:02 [notice] 21#21: gracefully shutting down
2024/03/04 09:22:02 [notice] 22#22: exit
2024/03/04 09:22:02 [notice] 23#23: exit
2024/03/04 09:22:02 [notice] 20#20: gracefully shutting down
2024/03/04 09:22:02 [notice] 20#20: exiting
2024/03/04 09:22:02 [notice] 21#21: exiting
2024/03/04 09:22:02 [notice] 21#21: exit
2024/03/04 09:22:02 [notice] 20#20: exit
2024/03/04 09:22:02 [notice] 1#1: signal 17 (SIGCHLD) received from 21
2024/03/04 09:22:02 [notice] 1#1: worker process 21 exited with code 0
2024/03/04 09:22:02 [notice] 1#1: signal 29 (SIGIO) received
2024/03/04 09:22:02 [notice] 1#1: signal 17 (SIGCHLD) received from 23
2024/03/04 09:22:02 [notice] 1#1: worker process 23 exited with code 0
2024/03/04 09:22:02 [notice] 1#1: signal 29 (SIGIO) received
2024/03/04 09:22:02 [notice] 1#1: signal 17 (SIGCHLD) received from 22
2024/03/04 09:22:02 [notice] 1#1: worker process 22 exited with code 0
2024/03/04 09:22:02 [notice] 1#1: signal 29 (SIGIO) received
2024/03/04 09:22:02 [notice] 1#1: signal 17 (SIGCHLD) received from 20
2024/03/04 09:22:02 [notice] 1#1: worker process 20 exited with code 0
2024/03/04 09:22:02 [notice] 1#1: exit
2024/03/05 13:35:49 [notice] 1#1: using the "epoll" event method
2024/03/05 13:35:49 [notice] 1#1: nginx/1.25.4
2024/03/05 13:35:49 [notice] 1#1: built by gcc 12.2.1 20220924 (Alpine 12.2.1_git20220924-r10) 
2024/03/05 13:35:49 [notice] 1#1: OS: Linux 5.4.0-171-generic
2024/03/05 13:35:49 [notice] 1#1: getrlimit(RLIMIT_NOFILE): 1048576:1048576
2024/03/05 13:35:49 [notice] 1#1: start worker processes
2024/03/05 13:35:49 [notice] 1#1: start worker process 20
2024/03/05 13:35:49 [notice] 1#1: start worker process 21
2024/03/05 13:35:49 [notice] 1#1: start worker process 22
2024/03/05 13:35:49 [notice] 1#1: start worker process 23
2024/03/05 16:58:04 [notice] 1#1: signal 3 (SIGQUIT) received, shutting down
2024/03/05 16:58:04 [notice] 21#21: gracefully shutting down
2024/03/05 16:58:04 [notice] 20#20: gracefully shutting down
2024/03/05 16:58:04 [notice] 20#20: exiting
2024/03/05 16:58:04 [notice] 22#22: gracefully shutting down
2024/03/05 16:58:04 [notice] 22#22: exiting
2024/03/05 16:58:04 [notice] 20#20: exit
2024/03/05 16:58:04 [notice] 23#23: gracefully shutting down
2024/03/05 16:58:04 [notice] 23#23: exiting
2024/03/05 16:58:04 [notice] 21#21: exiting
2024/03/05 16:58:04 [notice] 22#22: exit
2024/03/05 16:58:04 [notice] 23#23: exit
2024/03/05 16:58:04 [notice] 21#21: exit
2024/03/05 16:58:04 [notice] 1#1: signal 17 (SIGCHLD) received from 20
2024/03/05 16:58:04 [notice] 1#1: worker process 20 exited with code 0
2024/03/05 16:58:04 [notice] 1#1: signal 29 (SIGIO) received
2024/03/05 16:58:04 [notice] 1#1: signal 17 (SIGCHLD) received from 23
2024/03/05 16:58:04 [notice] 1#1: worker process 23 exited with code 0
2024/03/05 16:58:04 [notice] 1#1: signal 29 (SIGIO) received
2024/03/05 16:58:04 [notice] 1#1: signal 17 (SIGCHLD) received from 21
2024/03/05 16:58:04 [notice] 1#1: worker process 21 exited with code 0
2024/03/05 16:58:04 [notice] 1#1: worker process 22 exited with code 0
2024/03/05 16:58:04 [notice] 1#1: exit
2024/03/05 16:58:34 [notice] 1#1: using the "epoll" event method
2024/03/05 16:58:34 [notice] 1#1: nginx/1.25.4
2024/03/05 16:58:34 [notice] 1#1: built by gcc 12.2.1 20220924 (Alpine 12.2.1_git20220924-r10) 
2024/03/05 16:58:34 [notice] 1#1: OS: Linux 5.4.0-171-generic
2024/03/05 16:58:34 [notice] 1#1: getrlimit(RLIMIT_NOFILE): 1048576:1048576
2024/03/05 16:58:34 [notice] 1#1: start worker processes
2024/03/05 16:58:34 [notice] 1#1: start worker process 20
2024/03/05 16:58:34 [notice] 1#1: start worker process 21
2024/03/05 16:58:34 [notice] 1#1: start worker process 22
2024/03/05 16:58:34 [notice] 1#1: start worker process 23
2024/03/05 17:04:18 [notice] 1#1: signal 3 (SIGQUIT) received, shutting down
2024/03/05 17:04:18 [notice] 20#20: gracefully shutting down
2024/03/05 17:04:18 [notice] 20#20: exiting
2024/03/05 17:04:18 [notice] 20#20: exit
2024/03/05 17:04:18 [notice] 21#21: gracefully shutting down
2024/03/05 17:04:18 [notice] 21#21: exiting
2024/03/05 17:04:18 [notice] 21#21: exit
2024/03/05 17:04:18 [notice] 22#22: gracefully shutting down
2024/03/05 17:04:18 [notice] 23#23: gracefully shutting down
2024/03/05 17:04:18 [notice] 22#22: exiting
2024/03/05 17:04:18 [notice] 22#22: exit
2024/03/05 17:04:18 [notice] 1#1: signal 17 (SIGCHLD) received from 20
2024/03/05 17:04:18 [notice] 1#1: worker process 20 exited with code 0
2024/03/05 17:04:18 [notice] 1#1: signal 29 (SIGIO) received
2024/03/05 17:04:18 [notice] 1#1: signal 17 (SIGCHLD) received from 21
2024/03/05 17:04:18 [notice] 1#1: worker process 21 exited with code 0
2024/03/05 17:04:18 [notice] 1#1: signal 29 (SIGIO) received
2024/03/05 17:04:18 [notice] 1#1: signal 17 (SIGCHLD) received from 22
2024/03/05 17:04:18 [notice] 1#1: worker process 22 exited with code 0
2024/03/05 17:04:18 [notice] 1#1: signal 29 (SIGIO) received
2024/03/05 17:06:22 [notice] 1#1: using the "epoll" event method
2024/03/05 17:06:22 [notice] 1#1: nginx/1.25.4
2024/03/05 17:06:22 [notice] 1#1: built by gcc 12.2.1 20220924 (Alpine 12.2.1_git20220924-r10) 
2024/03/05 17:06:22 [notice] 1#1: OS: Linux 5.4.0-171-generic
2024/03/05 17:06:22 [notice] 1#1: getrlimit(RLIMIT_NOFILE): 1048576:1048576
2024/03/05 17:06:22 [notice] 1#1: start worker processes
2024/03/05 17:06:22 [notice] 1#1: start worker process 20
2024/03/05 17:06:22 [notice] 1#1: start worker process 21
2024/03/05 17:06:22 [notice] 1#1: start worker process 22
2024/03/05 17:06:22 [notice] 1#1: start worker process 23
2024/03/05 17:10:56 [notice] 1#1: signal 3 (SIGQUIT) received, shutting down
2024/03/05 17:10:56 [notice] 23#23: gracefully shutting down
2024/03/05 17:10:56 [notice] 23#23: exiting
2024/03/05 17:10:56 [notice] 22#22: gracefully shutting down
2024/03/05 17:10:56 [notice] 22#22: exiting
2024/03/05 17:10:56 [notice] 23#23: exit
2024/03/05 17:10:56 [notice] 22#22: exit
2024/03/05 17:10:56 [notice] 21#21: gracefully shutting down
2024/03/05 17:10:56 [notice] 21#21: exiting
2024/03/05 17:10:56 [notice] 21#21: exit
2024/03/05 17:10:56 [notice] 20#20: gracefully shutting down
2024/03/05 17:10:56 [notice] 20#20: exiting
2024/03/05 17:10:56 [notice] 20#20: exit
2024/03/05 17:10:56 [notice] 1#1: signal 17 (SIGCHLD) received from 22
2024/03/05 17:10:56 [notice] 1#1: worker process 22 exited with code 0
2024/03/05 17:10:56 [notice] 1#1: signal 29 (SIGIO) received
2024/03/05 17:10:56 [notice] 1#1: signal 17 (SIGCHLD) received from 23
2024/03/05 17:10:56 [notice] 1#1: worker process 21 exited with code 0
2024/03/05 17:10:56 [notice] 1#1: worker process 23 exited with code 0
2024/03/05 17:10:56 [notice] 1#1: signal 29 (SIGIO) received
2024/03/05 17:10:57 [notice] 1#1: signal 17 (SIGCHLD) received from 20
2024/03/05 17:10:57 [notice] 1#1: worker process 20 exited with code 0
2024/03/05 17:10:57 [notice] 1#1: exit
2024/03/05 17:11:19 [notice] 1#1: using the "epoll" event method
2024/03/05 17:11:19 [notice] 1#1: nginx/1.25.4
2024/03/05 17:11:19 [notice] 1#1: built by gcc 12.2.1 20220924 (Alpine 12.2.1_git20220924-r10) 
2024/03/05 17:11:19 [notice] 1#1: OS: Linux 5.4.0-171-generic
2024/03/05 17:11:19 [notice] 1#1: getrlimit(RLIMIT_NOFILE): 1048576:1048576
2024/03/05 17:11:19 [notice] 1#1: start worker processes
2024/03/05 17:11:19 [notice] 1#1: start worker process 20
2024/03/05 17:11:19 [notice] 1#1: start worker process 21
2024/03/05 17:11:19 [notice] 1#1: start worker process 22
2024/03/05 17:11:19 [notice] 1#1: start worker process 23
2024/03/05 17:48:00 [notice] 1#1: signal 3 (SIGQUIT) received, shutting down
2024/03/05 17:48:00 [notice] 20#20: gracefully shutting down
2024/03/05 17:48:00 [notice] 21#21: gracefully shutting down
2024/03/05 17:48:00 [notice] 23#23: gracefully shutting down
2024/03/05 17:48:00 [notice] 20#20: exiting
2024/03/05 17:48:00 [notice] 21#21: exiting
2024/03/05 17:48:00 [notice] 23#23: exiting
2024/03/05 17:48:00 [notice] 20#20: exit
2024/03/05 17:48:00 [notice] 23#23: exit
2024/03/05 17:48:00 [notice] 21#21: exit
2024/03/05 17:48:00 [notice] 22#22: gracefully shutting down
2024/03/05 17:48:00 [notice] 22#22: exiting
2024/03/05 17:48:00 [notice] 22#22: exit
2024/03/05 17:48:01 [notice] 1#1: signal 17 (SIGCHLD) received from 20
2024/03/05 17:48:01 [notice] 1#1: worker process 20 exited with code 0
2024/03/05 17:48:01 [notice] 1#1: signal 29 (SIGIO) received
2024/03/05 17:48:01 [notice] 1#1: signal 17 (SIGCHLD) received from 23
2024/03/05 17:48:01 [notice] 1#1: worker process 23 exited with code 0
2024/03/05 17:48:01 [notice] 1#1: signal 29 (SIGIO) received
2024/03/05 17:48:01 [notice] 1#1: signal 17 (SIGCHLD) received from 21
2024/03/05 17:48:01 [notice] 1#1: worker process 21 exited with code 0
2024/03/05 17:48:01 [notice] 1#1: signal 29 (SIGIO) received
2024/03/05 17:48:01 [notice] 1#1: signal 17 (SIGCHLD) received from 22
2024/03/05 17:48:01 [notice] 1#1: worker process 22 exited with code 0
2024/03/05 17:48:01 [notice] 1#1: exit
2024/03/07 13:58:46 [notice] 1#1: using the "epoll" event method
2024/03/07 13:58:46 [notice] 1#1: nginx/1.25.4
2024/03/07 13:58:46 [notice] 1#1: built by gcc 12.2.1 20220924 (Alpine 12.2.1_git20220924-r10) 
2024/03/07 13:58:46 [notice] 1#1: OS: Linux 5.4.0-171-generic
2024/03/07 13:58:46 [notice] 1#1: getrlimit(RLIMIT_NOFILE): 1048576:1048576
2024/03/07 13:58:46 [notice] 1#1: start worker processes
2024/03/07 13:58:46 [notice] 1#1: start worker process 20
2024/03/07 13:58:46 [notice] 1#1: start worker process 21
2024/03/07 13:58:46 [notice] 1#1: start worker process 22
2024/03/07 13:58:46 [notice] 1#1: start worker process 23
2024/03/09 09:08:38 [notice] 1#1: signal 3 (SIGQUIT) received, shutting down
2024/03/09 09:08:38 [notice] 21#21: gracefully shutting down
2024/03/09 09:08:38 [notice] 20#20: gracefully shutting down
2024/03/09 09:08:38 [notice] 21#21: exiting
2024/03/09 09:08:38 [notice] 20#20: exiting
2024/03/09 09:08:38 [notice] 22#22: gracefully shutting down
2024/03/09 09:08:38 [notice] 22#22: exiting
2024/03/09 09:08:38 [notice] 21#21: exit
2024/03/09 09:08:38 [notice] 20#20: exit
2024/03/09 09:08:38 [notice] 22#22: exit
2024/03/09 09:08:38 [notice] 23#23: gracefully shutting down
2024/03/09 09:08:38 [notice] 23#23: exiting
2024/03/09 09:08:38 [notice] 23#23: exit
2024/03/09 09:08:38 [notice] 1#1: signal 17 (SIGCHLD) received from 21
2024/03/09 09:08:38 [notice] 1#1: worker process 21 exited with code 0
2024/03/09 09:08:38 [notice] 1#1: signal 29 (SIGIO) received
2024/03/09 09:08:38 [notice] 1#1: signal 17 (SIGCHLD) received from 22
2024/03/09 09:08:38 [notice] 1#1: worker process 22 exited with code 0
2024/03/09 09:08:38 [notice] 1#1: signal 29 (SIGIO) received
2024/03/09 09:08:39 [notice] 1#1: signal 17 (SIGCHLD) received from 20
2024/03/09 09:08:39 [notice] 1#1: worker process 20 exited with code 0
2024/03/09 09:08:39 [notice] 1#1: worker process 23 exited with code 0
2024/03/09 09:08:39 [notice] 1#1: exit
2024/03/09 09:09:03 [notice] 1#1: using the "epoll" event method
2024/03/09 09:09:03 [notice] 1#1: nginx/1.25.4
2024/03/09 09:09:03 [notice] 1#1: built by gcc 12.2.1 20220924 (Alpine 12.2.1_git20220924-r10) 
2024/03/09 09:09:03 [notice] 1#1: OS: Linux 5.4.0-171-generic
2024/03/09 09:09:03 [notice] 1#1: getrlimit(RLIMIT_NOFILE): 1048576:1048576
2024/03/09 09:09:03 [notice] 1#1: start worker processes
2024/03/09 09:09:03 [notice] 1#1: start worker process 20
2024/03/09 09:09:03 [notice] 1#1: start worker process 21
2024/03/09 09:09:03 [notice] 1#1: start worker process 22
2024/03/09 09:09:03 [notice] 1#1: start worker process 23
2024/03/09 09:11:04 [notice] 1#1: signal 3 (SIGQUIT) received, shutting down
2024/03/09 09:11:04 [notice] 20#20: gracefully shutting down
2024/03/09 09:11:04 [notice] 20#20: exiting
2024/03/09 09:11:04 [notice] 21#21: gracefully shutting down
2024/03/09 09:11:04 [notice] 21#21: exiting
2024/03/09 09:11:04 [notice] 20#20: exit
2024/03/09 09:11:04 [notice] 23#23: gracefully shutting down
2024/03/09 09:11:04 [notice] 23#23: exiting
2024/03/09 09:11:04 [notice] 21#21: exit
2024/03/09 09:11:04 [notice] 23#23: exit
2024/03/09 09:11:04 [notice] 22#22: gracefully shutting down
2024/03/09 09:11:04 [notice] 22#22: exiting
2024/03/09 09:11:04 [notice] 22#22: exit
2024/03/09 09:11:04 [notice] 1#1: signal 17 (SIGCHLD) received from 20
2024/03/09 09:11:04 [notice] 1#1: worker process 20 exited with code 0
2024/03/09 09:11:04 [notice] 1#1: signal 29 (SIGIO) received
2024/03/09 09:11:04 [notice] 1#1: signal 17 (SIGCHLD) received from 21
2024/03/09 09:11:04 [notice] 1#1: worker process 21 exited with code 0
2024/03/09 09:11:04 [notice] 1#1: signal 29 (SIGIO) received
2024/03/09 09:11:04 [notice] 1#1: signal 17 (SIGCHLD) received from 22
2024/03/09 09:11:04 [notice] 1#1: worker process 22 exited with code 0
2024/03/09 09:11:04 [notice] 1#1: signal 29 (SIGIO) received
2024/03/09 09:11:04 [notice] 1#1: signal 17 (SIGCHLD) received from 23
2024/03/09 09:11:04 [notice] 1#1: worker process 23 exited with code 0
2024/03/09 09:11:04 [notice] 1#1: exit
2024/03/09 09:21:23 [notice] 1#1: using the "epoll" event method
2024/03/09 09:21:23 [notice] 1#1: nginx/1.25.4
2024/03/09 09:21:23 [notice] 1#1: built by gcc 12.2.1 20220924 (Alpine 12.2.1_git20220924-r10) 
2024/03/09 09:21:23 [notice] 1#1: OS: Linux 5.4.0-171-generic
2024/03/09 09:21:23 [notice] 1#1: getrlimit(RLIMIT_NOFILE): 1048576:1048576
2024/03/09 09:21:23 [notice] 1#1: start worker processes
2024/03/09 09:21:23 [notice] 1#1: start worker process 20
2024/03/09 09:21:23 [notice] 1#1: start worker process 21
2024/03/09 09:21:23 [notice] 1#1: start worker process 22
2024/03/09 09:21:23 [notice] 1#1: start worker process 23
2024/03/09 11:06:30 [notice] 1#1: signal 3 (SIGQUIT) received, shutting down
2024/03/09 11:06:30 [notice] 20#20: gracefully shutting down
2024/03/09 11:06:30 [notice] 20#20: exiting
2024/03/09 11:06:30 [notice] 20#20: exit
2024/03/09 11:06:30 [notice] 22#22: gracefully shutting down
2024/03/09 11:06:30 [notice] 22#22: exiting
2024/03/09 11:06:30 [notice] 23#23: gracefully shutting down
2024/03/09 11:06:30 [notice] 23#23: exiting
2024/03/09 11:06:30 [notice] 23#23: exit
2024/03/09 11:06:30 [notice] 21#21: gracefully shutting down
2024/03/09 11:06:30 [notice] 21#21: exiting
2024/03/09 11:06:30 [notice] 22#22: exit
2024/03/09 11:06:30 [notice] 21#21: exit
2024/03/09 11:06:30 [notice] 1#1: signal 17 (SIGCHLD) received from 20
2024/03/09 11:06:30 [notice] 1#1: worker process 20 exited with code 0
2024/03/09 11:06:30 [notice] 1#1: signal 29 (SIGIO) received
2024/03/09 11:06:30 [notice] 1#1: signal 17 (SIGCHLD) received from 22
2024/03/09 11:06:30 [notice] 1#1: worker process 22 exited with code 0
2024/03/09 11:06:30 [notice] 1#1: signal 29 (SIGIO) received
2024/03/09 11:06:30 [notice] 1#1: signal 17 (SIGCHLD) received from 23
2024/03/09 11:06:30 [notice] 1#1: worker process 21 exited with code 0
2024/03/09 11:06:30 [notice] 1#1: worker process 23 exited with code 0
2024/03/09 11:06:30 [notice] 1#1: exit
2024/03/09 11:20:26 [notice] 1#1: using the "epoll" event method
2024/03/09 11:20:26 [notice] 1#1: nginx/1.25.4
2024/03/09 11:20:26 [notice] 1#1: built by gcc 12.2.1 20220924 (Alpine 12.2.1_git20220924-r10) 
2024/03/09 11:20:26 [notice] 1#1: OS: Linux 5.4.0-171-generic
2024/03/09 11:20:26 [notice] 1#1: getrlimit(RLIMIT_NOFILE): 1048576:1048576
2024/03/09 11:20:26 [notice] 1#1: start worker processes
2024/03/09 11:20:26 [notice] 1#1: start worker process 20
2024/03/09 11:20:26 [notice] 1#1: start worker process 21
2024/03/09 11:20:26 [notice] 1#1: start worker process 22
2024/03/09 11:20:26 [notice] 1#1: start worker process 23
2024/03/09 11:42:37 [notice] 1#1: signal 3 (SIGQUIT) received, shutting down
2024/03/09 11:42:37 [notice] 21#21: gracefully shutting down
2024/03/09 11:42:37 [notice] 22#22: gracefully shutting down
2024/03/09 11:42:37 [notice] 21#21: exiting
2024/03/09 11:42:37 [notice] 22#22: exiting
2024/03/09 11:42:37 [notice] 21#21: exit
2024/03/09 11:42:37 [notice] 20#20: gracefully shutting down
2024/03/09 11:42:37 [notice] 20#20: exiting
2024/03/09 11:42:37 [notice] 22#22: exit
2024/03/09 11:42:37 [notice] 20#20: exit
2024/03/09 11:42:37 [notice] 23#23: gracefully shutting down
2024/03/09 11:42:37 [notice] 23#23: exiting
2024/03/09 11:42:37 [notice] 23#23: exit
2024/03/09 11:42:37 [notice] 1#1: signal 17 (SIGCHLD) received from 21
2024/03/09 11:42:37 [notice] 1#1: worker process 21 exited with code 0
2024/03/09 11:42:37 [notice] 1#1: signal 29 (SIGIO) received
2024/03/09 11:42:37 [notice] 1#1: signal 17 (SIGCHLD) received from 22
2024/03/09 11:42:37 [notice] 1#1: worker process 22 exited with code 0
2024/03/09 11:42:37 [notice] 1#1: signal 29 (SIGIO) received
2024/03/09 11:42:37 [notice] 1#1: signal 17 (SIGCHLD) received from 23
2024/03/09 11:42:37 [notice] 1#1: worker process 20 exited with code 0
2024/03/09 11:42:37 [notice] 1#1: worker process 23 exited with code 0
2024/03/09 11:42:37 [notice] 1#1: exit
2024/03/09 11:48:02 [notice] 1#1: using the "epoll" event method
2024/03/09 11:48:02 [notice] 1#1: nginx/1.25.4
2024/03/09 11:48:02 [notice] 1#1: built by gcc 12.2.1 20220924 (Alpine 12.2.1_git20220924-r10) 
2024/03/09 11:48:02 [notice] 1#1: OS: Linux 5.4.0-171-generic
2024/03/09 11:48:02 [notice] 1#1: getrlimit(RLIMIT_NOFILE): 1048576:1048576
2024/03/09 11:48:02 [notice] 1#1: start worker processes
2024/03/09 11:48:02 [notice] 1#1: start worker process 20
2024/03/09 11:48:02 [notice] 1#1: start worker process 21
2024/03/09 11:48:02 [notice] 1#1: start worker process 22
2024/03/09 11:48:02 [notice] 1#1: start worker process 23
2024/03/09 11:50:52 [notice] 1#1: signal 3 (SIGQUIT) received, shutting down
2024/03/09 11:50:52 [notice] 21#21: gracefully shutting down
2024/03/09 11:50:52 [notice] 23#23: gracefully shutting down
2024/03/09 11:50:52 [notice] 21#21: exiting
2024/03/09 11:50:52 [notice] 23#23: exiting
2024/03/09 11:50:52 [notice] 21#21: exit
2024/03/09 11:50:52 [notice] 22#22: gracefully shutting down
2024/03/09 11:50:52 [notice] 22#22: exiting
2024/03/09 11:50:52 [notice] 22#22: exit
2024/03/09 11:50:52 [notice] 23#23: exit
2024/03/09 11:50:52 [notice] 20#20: gracefully shutting down
2024/03/09 11:50:52 [notice] 20#20: exiting
2024/03/09 11:50:52 [notice] 20#20: exit
2024/03/09 11:50:52 [notice] 1#1: signal 17 (SIGCHLD) received from 23
2024/03/09 11:50:52 [notice] 1#1: worker process 23 exited with code 0
2024/03/09 11:50:52 [notice] 1#1: signal 29 (SIGIO) received
2024/03/09 11:50:52 [notice] 1#1: signal 17 (SIGCHLD) received from 21
2024/03/09 11:50:52 [notice] 1#1: worker process 21 exited with code 0
2024/03/09 11:50:52 [notice] 1#1: signal 29 (SIGIO) received
2024/03/09 11:50:52 [notice] 1#1: signal 17 (SIGCHLD) received from 20
2024/03/09 11:50:52 [notice] 1#1: worker process 20 exited with code 0
2024/03/09 11:50:52 [notice] 1#1: signal 29 (SIGIO) received
2024/03/09 11:50:52 [notice] 1#1: signal 17 (SIGCHLD) received from 22
2024/03/09 11:50:52 [notice] 1#1: worker process 22 exited with code 0
2024/03/09 11:50:52 [notice] 1#1: exit
2024/03/09 11:51:30 [notice] 1#1: using the "epoll" event method
2024/03/09 11:51:30 [notice] 1#1: nginx/1.25.4
2024/03/09 11:51:30 [notice] 1#1: built by gcc 12.2.1 20220924 (Alpine 12.2.1_git20220924-r10) 
2024/03/09 11:51:30 [notice] 1#1: OS: Linux 5.4.0-171-generic
2024/03/09 11:51:30 [notice] 1#1: getrlimit(RLIMIT_NOFILE): 1048576:1048576
2024/03/09 11:51:30 [notice] 1#1: start worker processes
2024/03/09 11:51:30 [notice] 1#1: start worker process 20
2024/03/09 11:51:30 [notice] 1#1: start worker process 21
2024/03/09 11:51:30 [notice] 1#1: start worker process 22
2024/03/09 11:51:30 [notice] 1#1: start worker process 23
2024/03/09 11:55:56 [notice] 1#1: signal 3 (SIGQUIT) received, shutting down
2024/03/09 11:55:56 [notice] 20#20: gracefully shutting down
2024/03/09 11:55:56 [notice] 23#23: gracefully shutting down
2024/03/09 11:55:56 [notice] 22#22: gracefully shutting down
2024/03/09 11:55:56 [notice] 22#22: exiting
2024/03/09 11:55:56 [notice] 22#22: exit
2024/03/09 11:55:56 [notice] 21#21: gracefully shutting down
2024/03/09 11:55:56 [notice] 20#20: exiting
2024/03/09 11:55:56 [notice] 23#23: exiting
2024/03/09 11:55:56 [notice] 21#21: exiting
2024/03/09 11:55:56 [notice] 20#20: exit
2024/03/09 11:55:56 [notice] 21#21: exit
2024/03/09 11:55:56 [notice] 23#23: exit
2024/03/09 11:55:57 [notice] 1#1: signal 17 (SIGCHLD) received from 22
2024/03/09 11:55:57 [notice] 1#1: worker process 22 exited with code 0
2024/03/09 11:55:57 [notice] 1#1: signal 29 (SIGIO) received
2024/03/09 11:55:57 [notice] 1#1: signal 17 (SIGCHLD) received from 20
2024/03/09 11:55:57 [notice] 1#1: worker process 20 exited with code 0
2024/03/09 11:55:57 [notice] 1#1: signal 29 (SIGIO) received
2024/03/09 11:55:57 [notice] 1#1: signal 17 (SIGCHLD) received from 21
2024/03/09 11:55:57 [notice] 1#1: worker process 21 exited with code 0
2024/03/09 11:55:57 [notice] 1#1: signal 29 (SIGIO) received
2024/03/09 11:55:57 [notice] 1#1: signal 17 (SIGCHLD) received from 23
2024/03/09 11:55:57 [notice] 1#1: worker process 23 exited with code 0
2024/03/09 11:55:57 [notice] 1#1: exit
2024/03/09 11:56:34 [notice] 1#1: using the "epoll" event method
2024/03/09 11:56:34 [notice] 1#1: nginx/1.25.4
2024/03/09 11:56:34 [notice] 1#1: built by gcc 12.2.1 20220924 (Alpine 12.2.1_git20220924-r10) 
2024/03/09 11:56:34 [notice] 1#1: OS: Linux 5.4.0-171-generic
2024/03/09 11:56:34 [notice] 1#1: getrlimit(RLIMIT_NOFILE): 1048576:1048576
2024/03/09 11:56:34 [notice] 1#1: start worker processes
2024/03/09 11:56:34 [notice] 1#1: start worker process 19
2024/03/09 11:56:34 [notice] 1#1: start worker process 20
2024/03/09 11:56:34 [notice] 1#1: start worker process 21
2024/03/09 11:56:34 [notice] 1#1: start worker process 22
2024/03/09 11:56:34 [error] 19#19: *1 connect() failed (111: Connection refused) while connecting to upstream, client: 10.80.94.17, server: , request: "GET / HTTP/1.1", upstream: "fastcgi://172.26.0.3:9000", host: "10.80.57.34"
2024/03/09 12:52:02 [error] 20#20: *402 client intended to send too large body: 1877470 bytes, client: 10.80.93.159, server: , request: "POST /update_profile/23 HTTP/1.1", host: "10.80.57.34", referrer: "http://10.80.57.34/editprofile"
2024/03/09 13:24:00 [notice] 1#1: signal 3 (SIGQUIT) received, shutting down
2024/03/09 13:24:00 [notice] 19#19: gracefully shutting down
2024/03/09 13:24:00 [notice] 19#19: exiting
2024/03/09 13:24:00 [notice] 20#20: gracefully shutting down
2024/03/09 13:24:00 [notice] 20#20: exiting
2024/03/09 13:24:00 [notice] 19#19: exit
2024/03/09 13:24:00 [notice] 21#21: gracefully shutting down
2024/03/09 13:24:00 [notice] 21#21: exiting
2024/03/09 13:24:00 [notice] 20#20: exit
2024/03/09 13:24:00 [notice] 22#22: gracefully shutting down
2024/03/09 13:24:00 [notice] 22#22: exiting
2024/03/09 13:24:00 [notice] 21#21: exit
2024/03/09 13:24:00 [notice] 22#22: exit
2024/03/09 13:24:00 [notice] 1#1: signal 17 (SIGCHLD) received from 22
2024/03/09 13:24:00 [notice] 1#1: worker process 22 exited with code 0
2024/03/09 13:24:00 [notice] 1#1: signal 29 (SIGIO) received
2024/03/09 13:24:00 [notice] 1#1: signal 17 (SIGCHLD) received from 19
2024/03/09 13:24:00 [notice] 1#1: worker process 19 exited with code 0
2024/03/09 13:24:00 [notice] 1#1: worker process 21 exited with code 0
2024/03/09 13:24:00 [notice] 1#1: signal 29 (SIGIO) received
2024/03/09 13:24:00 [notice] 1#1: signal 17 (SIGCHLD) received from 21
2024/03/09 13:24:00 [notice] 1#1: signal 17 (SIGCHLD) received from 20
2024/03/09 13:24:00 [notice] 1#1: worker process 20 exited with code 0
2024/03/09 13:24:00 [notice] 1#1: exit
2024/03/09 13:24:36 [notice] 1#1: using the "epoll" event method
2024/03/09 13:24:36 [notice] 1#1: nginx/1.25.4
2024/03/09 13:24:36 [notice] 1#1: built by gcc 12.2.1 20220924 (Alpine 12.2.1_git20220924-r10) 
2024/03/09 13:24:36 [notice] 1#1: OS: Linux 5.4.0-171-generic
2024/03/09 13:24:36 [notice] 1#1: getrlimit(RLIMIT_NOFILE): 1048576:1048576
2024/03/09 13:24:36 [notice] 1#1: start worker processes
2024/03/09 13:24:36 [notice] 1#1: start worker process 20
2024/03/09 13:24:36 [notice] 1#1: start worker process 21
2024/03/09 13:24:36 [notice] 1#1: start worker process 22
2024/03/09 13:24:36 [notice] 1#1: start worker process 23
2024/03/09 13:24:44 [error] 20#20: *1 connect() failed (111: Connection refused) while connecting to upstream, client: 10.80.94.17, server: , request: "GET /home HTTP/1.1", upstream: "fastcgi://172.29.0.2:9000", host: "10.80.57.34", referrer: "http://10.80.57.34/editprofile"
2024/03/09 13:25:18 [error] 21#21: *3 connect() failed (111: Connection refused) while connecting to upstream, client: 10.80.94.17, server: , request: "GET /home HTTP/1.1", upstream: "fastcgi://172.29.0.2:9000", host: "10.80.57.34", referrer: "http://10.80.57.34/editprofile"
2024/03/09 13:25:32 [notice] 1#1: signal 3 (SIGQUIT) received, shutting down
2024/03/09 13:25:32 [notice] 20#20: gracefully shutting down
2024/03/09 13:25:32 [notice] 20#20: exiting
2024/03/09 13:25:32 [notice] 22#22: gracefully shutting down
2024/03/09 13:25:32 [notice] 20#20: exit
2024/03/09 13:25:32 [notice] 23#23: gracefully shutting down
2024/03/09 13:25:32 [notice] 23#23: exiting
2024/03/09 13:25:32 [notice] 23#23: exit
2024/03/09 13:25:33 [notice] 21#21: gracefully shutting down
2024/03/09 13:25:33 [notice] 1#1: signal 17 (SIGCHLD) received from 20
2024/03/09 13:25:33 [notice] 1#1: worker process 20 exited with code 0
2024/03/09 13:25:33 [notice] 1#1: signal 29 (SIGIO) received
2024/03/09 13:25:33 [notice] 1#1: signal 17 (SIGCHLD) received from 23
2024/03/09 13:25:33 [notice] 1#1: worker process 23 exited with code 0
2024/03/09 13:25:33 [notice] 1#1: signal 29 (SIGIO) received
2024/03/09 13:25:38 [error] 21#21: *3 connect() failed (113: Host is unreachable) while connecting to upstream, client: 10.80.94.17, server: , request: "GET /home HTTP/1.1", upstream: "fastcgi://172.29.0.2:9000", host: "10.80.57.34", referrer: "http://10.80.57.34/editprofile"
2024/03/09 13:25:38 [notice] 21#21: exiting
2024/03/09 13:25:38 [notice] 21#21: exit
2024/03/09 13:25:38 [notice] 1#1: signal 17 (SIGCHLD) received from 21
2024/03/09 13:25:38 [notice] 1#1: worker process 21 exited with code 0
2024/03/09 13:25:38 [notice] 1#1: signal 29 (SIGIO) received
2024/03/09 13:26:03 [notice] 1#1: using the "epoll" event method
2024/03/09 13:26:03 [notice] 1#1: nginx/1.25.4
2024/03/09 13:26:03 [notice] 1#1: built by gcc 12.2.1 20220924 (Alpine 12.2.1_git20220924-r10) 
2024/03/09 13:26:03 [notice] 1#1: OS: Linux 5.4.0-171-generic
2024/03/09 13:26:03 [notice] 1#1: getrlimit(RLIMIT_NOFILE): 1048576:1048576
2024/03/09 13:26:03 [notice] 1#1: start worker processes
2024/03/09 13:26:03 [notice] 1#1: start worker process 20
2024/03/09 13:26:03 [notice] 1#1: start worker process 21
2024/03/09 13:26:03 [notice] 1#1: start worker process 22
2024/03/09 13:26:03 [notice] 1#1: start worker process 23
2024/03/09 13:26:05 [error] 20#20: *2 connect() failed (111: Connection refused) while connecting to upstream, client: 10.80.94.17, server: , request: "GET /home HTTP/1.1", upstream: "fastcgi://172.30.0.5:9000", host: "10.80.57.34", referrer: "http://10.80.57.34/editprofile"
2024/03/09 13:26:09 [error] 20#20: *2 connect() failed (111: Connection refused) while connecting to upstream, client: 10.80.94.17, server: , request: "GET /home HTTP/1.1", upstream: "fastcgi://172.30.0.5:9000", host: "10.80.57.34", referrer: "http://10.80.57.34/editprofile"
2024/03/09 13:26:18 [notice] 1#1: signal 3 (SIGQUIT) received, shutting down
2024/03/09 13:26:18 [notice] 20#20: gracefully shutting down
2024/03/09 13:26:18 [notice] 22#22: gracefully shutting down
2024/03/09 13:26:18 [notice] 23#23: gracefully shutting down
2024/03/09 13:26:18 [notice] 23#23: exiting
2024/03/09 13:26:18 [notice] 23#23: exit
2024/03/09 13:26:18 [notice] 21#21: gracefully shutting down
2024/03/09 13:26:18 [notice] 21#21: exiting
2024/03/09 13:26:18 [notice] 21#21: exit
2024/03/09 13:26:18 [notice] 1#1: signal 17 (SIGCHLD) received from 23
2024/03/09 13:26:18 [notice] 1#1: worker process 23 exited with code 0
2024/03/09 13:26:18 [notice] 1#1: signal 29 (SIGIO) received
2024/03/09 13:26:18 [notice] 1#1: signal 17 (SIGCHLD) received from 21
2024/03/09 13:26:18 [notice] 1#1: worker process 21 exited with code 0
2024/03/09 13:26:18 [notice] 1#1: signal 29 (SIGIO) received
2024/03/09 13:27:16 [notice] 1#1: using the "epoll" event method
2024/03/09 13:27:16 [notice] 1#1: nginx/1.25.4
2024/03/09 13:27:16 [notice] 1#1: built by gcc 12.2.1 20220924 (Alpine 12.2.1_git20220924-r10) 
2024/03/09 13:27:16 [notice] 1#1: OS: Linux 5.4.0-171-generic
2024/03/09 13:27:16 [notice] 1#1: getrlimit(RLIMIT_NOFILE): 1048576:1048576
2024/03/09 13:27:16 [notice] 1#1: start worker processes
2024/03/09 13:27:16 [notice] 1#1: start worker process 20
2024/03/09 13:27:16 [notice] 1#1: start worker process 21
2024/03/09 13:27:16 [notice] 1#1: start worker process 22
2024/03/09 13:27:16 [notice] 1#1: start worker process 23
2024/03/09 13:27:18 [error] 20#20: *1 connect() failed (111: Connection refused) while connecting to upstream, client: 10.80.94.17, server: , request: "GET / HTTP/1.1", upstream: "fastcgi://172.31.0.4:9000", host: "10.80.57.34"
2024/03/09 13:27:22 [error] 20#20: *5 connect() failed (111: Connection refused) while connecting to upstream, client: 10.80.80.227, server: , request: "GET /admin/home HTTP/1.1", upstream: "fastcgi://172.31.0.4:9000", host: "10.80.57.34", referrer: "http://10.80.57.34/posts/create"
2024/03/09 13:27:31 [notice] 1#1: signal 3 (SIGQUIT) received, shutting down
2024/03/09 13:27:31 [notice] 20#20: gracefully shutting down
2024/03/09 13:27:31 [notice] 21#21: gracefully shutting down
2024/03/09 13:27:31 [notice] 22#22: gracefully shutting down
2024/03/09 13:27:31 [notice] 22#22: exiting
2024/03/09 13:27:31 [notice] 23#23: gracefully shutting down
2024/03/09 13:27:31 [notice] 23#23: exiting
2024/03/09 13:27:31 [notice] 22#22: exit
2024/03/09 13:27:31 [notice] 23#23: exit
2024/03/09 13:27:32 [notice] 1#1: signal 17 (SIGCHLD) received from 23
2024/03/09 13:27:32 [notice] 1#1: worker process 23 exited with code 0
2024/03/09 13:27:32 [notice] 1#1: signal 29 (SIGIO) received
2024/03/09 13:27:32 [notice] 1#1: signal 17 (SIGCHLD) received from 22
2024/03/09 13:27:32 [notice] 1#1: worker process 22 exited with code 0
2024/03/09 13:27:32 [notice] 1#1: signal 29 (SIGIO) received
2024/03/09 13:28:02 [notice] 1#1: using the "epoll" event method
2024/03/09 13:28:02 [notice] 1#1: nginx/1.25.4
2024/03/09 13:28:02 [notice] 1#1: built by gcc 12.2.1 20220924 (Alpine 12.2.1_git20220924-r10) 
2024/03/09 13:28:02 [notice] 1#1: OS: Linux 5.4.0-171-generic
2024/03/09 13:28:02 [notice] 1#1: getrlimit(RLIMIT_NOFILE): 1048576:1048576
2024/03/09 13:28:02 [notice] 1#1: start worker processes
2024/03/09 13:28:02 [notice] 1#1: start worker process 20
2024/03/09 13:28:02 [notice] 1#1: start worker process 21
2024/03/09 13:28:02 [notice] 1#1: start worker process 22
2024/03/09 13:28:02 [notice] 1#1: start worker process 23
2024/03/09 14:19:03 [notice] 1#1: signal 3 (SIGQUIT) received, shutting down
2024/03/09 14:19:03 [notice] 20#20: gracefully shutting down
2024/03/09 14:19:03 [notice] 22#22: gracefully shutting down
2024/03/09 14:19:03 [notice] 20#20: exiting
2024/03/09 14:19:03 [notice] 21#21: gracefully shutting down
2024/03/09 14:19:03 [notice] 22#22: exiting
2024/03/09 14:19:03 [notice] 21#21: exiting
2024/03/09 14:19:03 [notice] 20#20: exit
2024/03/09 14:19:03 [notice] 21#21: exit
2024/03/09 14:19:03 [notice] 22#22: exit
2024/03/09 14:19:03 [notice] 23#23: gracefully shutting down
2024/03/09 14:19:03 [notice] 23#23: exiting
2024/03/09 14:19:03 [notice] 23#23: exit
2024/03/09 14:19:03 [notice] 1#1: signal 17 (SIGCHLD) received from 20
2024/03/09 14:19:03 [notice] 1#1: worker process 20 exited with code 0
2024/03/09 14:19:03 [notice] 1#1: signal 29 (SIGIO) received
2024/03/09 14:19:03 [notice] 1#1: signal 17 (SIGCHLD) received from 21
2024/03/09 14:19:03 [notice] 1#1: worker process 21 exited with code 0
2024/03/09 14:19:03 [notice] 1#1: signal 29 (SIGIO) received
2024/03/09 14:19:03 [notice] 1#1: signal 17 (SIGCHLD) received from 23
2024/03/09 14:19:03 [notice] 1#1: worker process 23 exited with code 0
2024/03/09 14:19:03 [notice] 1#1: signal 29 (SIGIO) received
2024/03/09 14:19:03 [notice] 1#1: signal 17 (SIGCHLD) received from 22
2024/03/09 14:19:03 [notice] 1#1: worker process 22 exited with code 0
2024/03/09 14:19:03 [notice] 1#1: exit
2024/03/09 14:21:59 [emerg] 1#1: host not found in upstream "app" in /etc/nginx/conf.d/app.conf:10
2024/03/09 14:22:07 [emerg] 1#1: host not found in upstream "app" in /etc/nginx/conf.d/app.conf:10
2024/03/09 14:22:15 [emerg] 1#1: host not found in upstream "app" in /etc/nginx/conf.d/app.conf:10
2024/03/09 14:22:23 [emerg] 1#1: host not found in upstream "app" in /etc/nginx/conf.d/app.conf:10
2024/03/09 14:22:31 [emerg] 1#1: host not found in upstream "app" in /etc/nginx/conf.d/app.conf:10
2024/03/09 14:22:46 [emerg] 1#1: host not found in upstream "app" in /etc/nginx/conf.d/app.conf:10
2024/03/09 14:22:56 [emerg] 1#1: host not found in upstream "app" in /etc/nginx/conf.d/app.conf:10
2024/03/09 14:25:18 [emerg] 1#1: host not found in upstream "app" in /etc/nginx/conf.d/app.conf:10
2024/03/09 14:25:26 [emerg] 1#1: host not found in upstream "app" in /etc/nginx/conf.d/app.conf:10
2024/03/09 14:25:34 [emerg] 1#1: host not found in upstream "app" in /etc/nginx/conf.d/app.conf:10
2024/03/09 14:25:42 [emerg] 1#1: host not found in upstream "app" in /etc/nginx/conf.d/app.conf:10
2024/03/09 14:25:51 [emerg] 1#1: host not found in upstream "app" in /etc/nginx/conf.d/app.conf:10
2024/03/09 14:46:42 [emerg] 1#1: host not found in upstream "app" in /etc/nginx/conf.d/app.conf:10
2024/03/09 14:46:49 [emerg] 1#1: host not found in upstream "app" in /etc/nginx/conf.d/app.conf:10
2024/03/09 14:46:57 [emerg] 1#1: host not found in upstream "app" in /etc/nginx/conf.d/app.conf:10
2024/03/09 14:47:05 [emerg] 1#1: host not found in upstream "app" in /etc/nginx/conf.d/app.conf:10
2024/03/09 14:47:13 [emerg] 1#1: host not found in upstream "app" in /etc/nginx/conf.d/app.conf:10
2024/03/09 14:47:21 [emerg] 1#1: host not found in upstream "app" in /etc/nginx/conf.d/app.conf:10
2024/03/09 14:47:31 [emerg] 1#1: host not found in upstream "app" in /etc/nginx/conf.d/app.conf:10
2024/03/09 14:47:45 [emerg] 1#1: host not found in upstream "app" in /etc/nginx/conf.d/app.conf:10
2024/03/09 14:48:40 [emerg] 1#1: host not found in upstream "app" in /etc/nginx/conf.d/app.conf:10
2024/03/09 14:48:48 [emerg] 1#1: host not found in upstream "app" in /etc/nginx/conf.d/app.conf:10
2024/03/09 14:48:56 [emerg] 1#1: host not found in upstream "app" in /etc/nginx/conf.d/app.conf:10
2024/03/09 14:49:04 [emerg] 1#1: host not found in upstream "app" in /etc/nginx/conf.d/app.conf:10
2024/03/09 14:49:11 [emerg] 1#1: host not found in upstream "app" in /etc/nginx/conf.d/app.conf:10
2024/03/09 14:49:20 [emerg] 1#1: host not found in upstream "app" in /etc/nginx/conf.d/app.conf:10
2024/03/09 14:49:30 [emerg] 1#1: host not found in upstream "app" in /etc/nginx/conf.d/app.conf:10
2024/03/09 14:49:44 [emerg] 1#1: host not found in upstream "app" in /etc/nginx/conf.d/app.conf:10
2024/03/09 14:50:04 [emerg] 1#1: host not found in upstream "app" in /etc/nginx/conf.d/app.conf:10
2024/03/09 14:50:46 [notice] 1#1: using the "epoll" event method
2024/03/09 14:50:46 [notice] 1#1: nginx/1.25.4
2024/03/09 14:50:46 [notice] 1#1: built by gcc 12.2.1 20220924 (Alpine 12.2.1_git20220924-r10) 
2024/03/09 14:50:46 [notice] 1#1: OS: Linux 5.4.0-171-generic
2024/03/09 14:50:46 [notice] 1#1: getrlimit(RLIMIT_NOFILE): 1048576:1048576
2024/03/09 14:50:46 [notice] 1#1: start worker processes
2024/03/09 14:50:46 [notice] 1#1: start worker process 20
2024/03/09 14:50:46 [notice] 1#1: start worker process 21
2024/03/09 14:50:46 [notice] 1#1: start worker process 22
2024/03/09 14:50:46 [notice] 1#1: start worker process 23
2024/03/09 14:53:24 [notice] 1#1: signal 3 (SIGQUIT) received, shutting down
2024/03/09 14:53:24 [notice] 21#21: gracefully shutting down
2024/03/09 14:53:24 [notice] 21#21: exiting
2024/03/09 14:53:24 [notice] 23#23: gracefully shutting down
2024/03/09 14:53:24 [notice] 23#23: exiting
2024/03/09 14:53:24 [notice] 23#23: exit
2024/03/09 14:53:24 [notice] 21#21: exit
2024/03/09 14:53:24 [notice] 20#20: gracefully shutting down
2024/03/09 14:53:24 [notice] 20#20: exiting
2024/03/09 14:53:24 [notice] 20#20: exit
2024/03/09 14:53:24 [notice] 22#22: gracefully shutting down
2024/03/09 14:53:24 [notice] 22#22: exiting
2024/03/09 14:53:24 [notice] 22#22: exit
2024/03/09 14:53:24 [notice] 1#1: signal 17 (SIGCHLD) received from 23
2024/03/09 14:53:24 [notice] 1#1: worker process 23 exited with code 0
2024/03/09 14:53:24 [notice] 1#1: signal 29 (SIGIO) received
2024/03/09 14:53:24 [notice] 1#1: signal 17 (SIGCHLD) received from 20
2024/03/09 14:53:24 [notice] 1#1: worker process 20 exited with code 0
2024/03/09 14:53:24 [notice] 1#1: signal 29 (SIGIO) received
2024/03/09 14:53:24 [notice] 1#1: signal 17 (SIGCHLD) received from 21
2024/03/09 14:53:24 [notice] 1#1: worker process 21 exited with code 0
2024/03/09 14:53:24 [notice] 1#1: signal 29 (SIGIO) received
2024/03/09 14:53:24 [notice] 1#1: signal 17 (SIGCHLD) received from 22
2024/03/09 14:53:24 [notice] 1#1: worker process 22 exited with code 0
2024/03/09 14:53:24 [notice] 1#1: exit
2024/03/09 14:53:42 [notice] 1#1: using the "epoll" event method
2024/03/09 14:53:42 [notice] 1#1: nginx/1.25.4
2024/03/09 14:53:42 [notice] 1#1: built by gcc 12.2.1 20220924 (Alpine 12.2.1_git20220924-r10) 
2024/03/09 14:53:42 [notice] 1#1: OS: Linux 5.4.0-171-generic
2024/03/09 14:53:42 [notice] 1#1: getrlimit(RLIMIT_NOFILE): 1048576:1048576
2024/03/09 14:53:42 [notice] 1#1: start worker processes
2024/03/09 14:53:42 [notice] 1#1: start worker process 20
2024/03/09 14:53:42 [notice] 1#1: start worker process 21
2024/03/09 14:53:42 [notice] 1#1: start worker process 22
2024/03/09 14:53:42 [notice] 1#1: start worker process 23
2024/03/09 14:55:20 [notice] 1#1: signal 3 (SIGQUIT) received, shutting down
2024/03/09 14:55:20 [notice] 20#20: gracefully shutting down
2024/03/09 14:55:20 [notice] 21#21: gracefully shutting down
2024/03/09 14:55:20 [notice] 23#23: gracefully shutting down
2024/03/09 14:55:20 [notice] 20#20: exiting
2024/03/09 14:55:20 [notice] 21#21: exiting
2024/03/09 14:55:20 [notice] 23#23: exiting
2024/03/09 14:55:20 [notice] 20#20: exit
2024/03/09 14:55:20 [notice] 21#21: exit
2024/03/09 14:55:20 [notice] 23#23: exit
2024/03/09 14:55:20 [notice] 22#22: gracefully shutting down
2024/03/09 14:55:20 [notice] 22#22: exiting
2024/03/09 14:55:20 [notice] 22#22: exit
2024/03/09 14:55:20 [notice] 1#1: signal 17 (SIGCHLD) received from 23
2024/03/09 14:55:20 [notice] 1#1: worker process 21 exited with code 0
2024/03/09 14:55:20 [notice] 1#1: worker process 23 exited with code 0
2024/03/09 14:55:20 [notice] 1#1: signal 29 (SIGIO) received
2024/03/09 14:55:20 [notice] 1#1: signal 17 (SIGCHLD) received from 21
2024/03/09 14:55:20 [notice] 1#1: signal 17 (SIGCHLD) received from 22
2024/03/09 14:55:20 [notice] 1#1: worker process 22 exited with code 0
2024/03/09 14:55:20 [notice] 1#1: signal 29 (SIGIO) received
2024/03/09 14:55:20 [notice] 1#1: signal 17 (SIGCHLD) received from 20
2024/03/09 14:55:20 [notice] 1#1: worker process 20 exited with code 0
2024/03/09 14:55:20 [notice] 1#1: exit
2024/03/09 14:55:39 [emerg] 1#1: host not found in upstream "app" in /etc/nginx/conf.d/app.conf:10
2024/03/09 14:55:47 [emerg] 1#1: host not found in upstream "app" in /etc/nginx/conf.d/app.conf:10
2024/03/09 14:55:55 [emerg] 1#1: host not found in upstream "app" in /etc/nginx/conf.d/app.conf:10
2024/03/09 14:56:04 [emerg] 1#1: host not found in upstream "app" in /etc/nginx/conf.d/app.conf:10
2024/03/09 14:56:23 [notice] 1#1: using the "epoll" event method
2024/03/09 14:56:23 [notice] 1#1: nginx/1.25.4
2024/03/09 14:56:23 [notice] 1#1: built by gcc 12.2.1 20220924 (Alpine 12.2.1_git20220924-r10) 
2024/03/09 14:56:23 [notice] 1#1: OS: Linux 5.4.0-171-generic
2024/03/09 14:56:23 [notice] 1#1: getrlimit(RLIMIT_NOFILE): 1048576:1048576
2024/03/09 14:56:23 [notice] 1#1: start worker processes
2024/03/09 14:56:23 [notice] 1#1: start worker process 20
2024/03/09 14:56:23 [notice] 1#1: start worker process 21
2024/03/09 14:56:23 [notice] 1#1: start worker process 22
2024/03/09 14:56:23 [notice] 1#1: start worker process 23
2024/03/09 14:56:40 [notice] 1#1: signal 3 (SIGQUIT) received, shutting down
2024/03/09 14:56:40 [notice] 22#22: gracefully shutting down
2024/03/09 14:56:40 [notice] 22#22: exiting
2024/03/09 14:56:40 [notice] 22#22: exit
2024/03/09 14:56:40 [notice] 23#23: gracefully shutting down
2024/03/09 14:56:40 [notice] 21#21: gracefully shutting down
2024/03/09 14:56:40 [notice] 21#21: exiting
2024/03/09 14:56:40 [notice] 21#21: exit
2024/03/09 14:56:40 [notice] 20#20: gracefully shutting down
2024/03/09 14:56:40 [notice] 20#20: exiting
2024/03/09 14:56:40 [notice] 20#20: exit
2024/03/09 14:56:40 [notice] 1#1: signal 17 (SIGCHLD) received from 22
2024/03/09 14:56:40 [notice] 1#1: worker process 21 exited with code 0
2024/03/09 14:56:40 [notice] 1#1: worker process 22 exited with code 0
2024/03/09 14:56:40 [notice] 1#1: signal 29 (SIGIO) received
2024/03/09 14:56:40 [notice] 1#1: signal 17 (SIGCHLD) received from 20
2024/03/09 14:56:40 [notice] 1#1: worker process 20 exited with code 0
2024/03/09 14:56:40 [notice] 1#1: signal 29 (SIGIO) received
2024/03/09 14:57:44 [notice] 1#1: using the "epoll" event method
2024/03/09 14:57:44 [notice] 1#1: nginx/1.25.4
2024/03/09 14:57:44 [notice] 1#1: built by gcc 12.2.1 20220924 (Alpine 12.2.1_git20220924-r10) 
2024/03/09 14:57:44 [notice] 1#1: OS: Linux 5.4.0-171-generic
2024/03/09 14:57:44 [notice] 1#1: getrlimit(RLIMIT_NOFILE): 1048576:1048576
2024/03/09 14:57:44 [notice] 1#1: start worker processes
2024/03/09 14:57:44 [notice] 1#1: start worker process 21
2024/03/09 14:57:44 [notice] 1#1: start worker process 22
2024/03/09 14:57:44 [notice] 1#1: start worker process 23
2024/03/09 14:57:44 [notice] 1#1: start worker process 24
2024/03/09 14:57:49 [error] 23#23: *1 connect() failed (111: Connection refused) while connecting to upstream, client: 10.80.93.158, server: , request: "GET /posts/create HTTP/1.1", upstream: "fastcgi://172.30.0.2:9000", host: "10.80.57.34", referrer: "http://10.80.57.34/home"
2024/03/09 14:57:51 [error] 23#23: *1 connect() failed (111: Connection refused) while connecting to upstream, client: 10.80.93.158, server: , request: "GET /posts/create HTTP/1.1", upstream: "fastcgi://172.30.0.2:9000", host: "10.80.57.34", referrer: "http://10.80.57.34/home"
2024/03/09 14:57:52 [error] 23#23: *1 connect() failed (111: Connection refused) while connecting to upstream, client: 10.80.93.158, server: , request: "GET /posts/create HTTP/1.1", upstream: "fastcgi://172.30.0.2:9000", host: "10.80.57.34", referrer: "http://10.80.57.34/home"
2024/03/09 14:57:52 [error] 23#23: *1 connect() failed (111: Connection refused) while connecting to upstream, client: 10.80.93.158, server: , request: "GET /posts/create HTTP/1.1", upstream: "fastcgi://172.30.0.2:9000", host: "10.80.57.34", referrer: "http://10.80.57.34/home"
2024/03/09 14:57:52 [error] 23#23: *1 connect() failed (111: Connection refused) while connecting to upstream, client: 10.80.93.158, server: , request: "GET /posts/create HTTP/1.1", upstream: "fastcgi://172.30.0.2:9000", host: "10.80.57.34", referrer: "http://10.80.57.34/home"
2024/03/09 14:57:54 [error] 22#22: *8 connect() failed (111: Connection refused) while connecting to upstream, client: 10.80.94.17, server: , request: "GET / HTTP/1.1", upstream: "fastcgi://172.30.0.2:9000", host: "10.80.57.34"
2024/03/09 14:58:33 [notice] 1#1: signal 3 (SIGQUIT) received, shutting down
2024/03/09 14:58:33 [notice] 21#21: gracefully shutting down
2024/03/09 14:58:33 [notice] 22#22: gracefully shutting down
2024/03/09 14:58:33 [notice] 24#24: gracefully shutting down
2024/03/09 14:58:33 [notice] 22#22: exiting
2024/03/09 14:58:33 [notice] 22#22: exit
2024/03/09 14:58:33 [notice] 23#23: gracefully shutting down
2024/03/09 14:58:33 [notice] 23#23: exiting
2024/03/09 14:58:33 [notice] 23#23: exit
2024/03/09 14:58:33 [notice] 1#1: signal 17 (SIGCHLD) received from 22
2024/03/09 14:58:33 [notice] 1#1: worker process 22 exited with code 0
2024/03/09 14:58:33 [notice] 1#1: signal 29 (SIGIO) received
2024/03/09 14:58:33 [notice] 1#1: signal 17 (SIGCHLD) received from 23
2024/03/09 14:58:33 [notice] 1#1: worker process 23 exited with code 0
2024/03/09 14:58:33 [notice] 1#1: signal 29 (SIGIO) received
2024/03/09 14:59:03 [notice] 1#1: using the "epoll" event method
2024/03/09 14:59:03 [notice] 1#1: nginx/1.25.4
2024/03/09 14:59:03 [notice] 1#1: built by gcc 12.2.1 20220924 (Alpine 12.2.1_git20220924-r10) 
2024/03/09 14:59:03 [notice] 1#1: OS: Linux 5.4.0-171-generic
2024/03/09 14:59:03 [notice] 1#1: getrlimit(RLIMIT_NOFILE): 1048576:1048576
2024/03/09 14:59:03 [notice] 1#1: start worker processes
2024/03/09 14:59:03 [notice] 1#1: start worker process 20
2024/03/09 14:59:03 [notice] 1#1: start worker process 21
2024/03/09 14:59:03 [notice] 1#1: start worker process 22
2024/03/09 14:59:03 [notice] 1#1: start worker process 23
